<?xml version="1.0" encoding="UTF-8"?>
<coverage generated="1747052655672" clover="3.2.0">
  <project timestamp="1747052655672" name="All files">
    <metrics statements="249" coveredstatements="76" conditionals="142" coveredconditionals="33" methods="18" coveredmethods="11" elements="409" coveredelements="120" complexity="0" loc="249" ncloc="249" packages="1" files="1" classes="1"/>
    <file name="magic-mcp-integration.js" path="/Users/Shared/cursor/cursor-uninstaller/ui/dashboard/magic-mcp-integration.js">
      <metrics statements="249" coveredstatements="76" conditionals="142" coveredconditionals="33" methods="18" coveredmethods="11"/>
      <line num="13" count="2" type="stmt"/>
      <line num="14" count="2" type="stmt"/>
      <line num="17" count="2" type="stmt"/>
      <line num="18" count="2" type="stmt"/>
      <line num="21" count="2" type="cond" truecount="1" falsecount="0"/>
      <line num="22" count="3" type="stmt"/>
      <line num="23" count="3" type="stmt"/>
      <line num="24" count="3" type="stmt"/>
      <line num="26" count="3" type="stmt"/>
      <line num="27" count="3" type="stmt"/>
      <line num="33" count="2" type="cond" truecount="1" falsecount="0"/>
      <line num="34" count="13" type="cond" truecount="2" falsecount="0"/>
      <line num="36" count="12" type="stmt"/>
      <line num="37" count="12" type="stmt"/>
      <line num="40" count="1" type="cond" truecount="1" falsecount="1"/>
      <line num="41" count="0" type="stmt"/>
      <line num="43" count="1" type="stmt"/>
      <line num="48" count="2" type="stmt"/>
      <line num="49" count="36" type="cond" truecount="2" falsecount="1"/>
      <line num="55" count="2" type="stmt"/>
      <line num="57" count="30" type="cond" truecount="2" falsecount="0"/>
      <line num="58" count="1" type="stmt"/>
      <line num="62" count="29" type="cond" truecount="5" falsecount="0"/>
      <line num="63" count="23" type="stmt"/>
      <line num="66" count="6" type="cond" truecount="2" falsecount="0"/>
      <line num="75" count="0" type="stmt"/>
      <line num="76" count="0" type="stmt"/>
      <line num="77" count="0" type="stmt"/>
      <line num="78" count="0" type="stmt"/>
      <line num="81" count="0" type="stmt"/>
      <line num="82" count="0" type="stmt"/>
      <line num="83" count="0" type="stmt"/>
      <line num="85" count="0" type="stmt"/>
      <line num="87" count="0" type="cond" truecount="0" falsecount="4"/>
      <line num="88" count="0" type="stmt"/>
      <line num="89" count="0" type="stmt"/>
      <line num="90" count="0" type="stmt"/>
      <line num="91" count="0" type="stmt"/>
      <line num="92" count="0" type="stmt"/>
      <line num="94" count="0" type="stmt"/>
      <line num="96" count="0" type="stmt"/>
      <line num="100" count="0" type="cond" truecount="0" falsecount="2"/>
      <line num="101" count="0" type="stmt"/>
      <line num="106" count="0" type="stmt"/>
      <line num="108" count="0" type="cond" truecount="0" falsecount="2"/>
      <line num="109" count="0" type="stmt"/>
      <line num="110" count="0" type="stmt"/>
      <line num="113" count="0" type="stmt"/>
      <line num="114" count="0" type="stmt"/>
      <line num="115" count="0" type="stmt"/>
      <line num="119" count="0" type="stmt"/>
      <line num="120" count="0" type="stmt"/>
      <line num="121" count="0" type="stmt"/>
      <line num="125" count="0" type="cond" truecount="0" falsecount="2"/>
      <line num="126" count="0" type="stmt"/>
      <line num="128" count="0" type="cond" truecount="0" falsecount="2"/>
      <line num="131" count="0" type="stmt"/>
      <line num="132" count="0" type="stmt"/>
      <line num="133" count="0" type="stmt"/>
      <line num="134" count="0" type="stmt"/>
      <line num="137" count="0" type="stmt"/>
      <line num="140" count="0" type="stmt"/>
      <line num="145" count="0" type="stmt"/>
      <line num="146" count="0" type="stmt"/>
      <line num="154" count="0" type="stmt"/>
      <line num="156" count="0" type="cond" truecount="0" falsecount="4"/>
      <line num="157" count="0" type="stmt"/>
      <line num="158" count="0" type="stmt"/>
      <line num="159" count="0" type="cond" truecount="0" falsecount="4"/>
      <line num="160" count="0" type="cond" truecount="0" falsecount="2"/>
      <line num="161" count="0" type="stmt"/>
      <line num="163" count="0" type="cond" truecount="0" falsecount="2"/>
      <line num="165" count="0" type="stmt"/>
      <line num="166" count="0" type="stmt"/>
      <line num="170" count="0" type="stmt"/>
      <line num="171" count="0" type="cond" truecount="0" falsecount="2"/>
      <line num="172" count="0" type="stmt"/>
      <line num="180" count="0" type="stmt"/>
      <line num="181" count="0" type="stmt"/>
      <line num="184" count="0" type="stmt"/>
      <line num="185" count="0" type="stmt"/>
      <line num="188" count="0" type="stmt"/>
      <line num="189" count="0" type="cond" truecount="0" falsecount="2"/>
      <line num="190" count="0" type="stmt"/>
      <line num="191" count="0" type="stmt"/>
      <line num="193" count="0" type="stmt"/>
      <line num="194" count="0" type="stmt"/>
      <line num="198" count="0" type="cond" truecount="0" falsecount="2"/>
      <line num="199" count="0" type="stmt"/>
      <line num="201" count="0" type="stmt"/>
      <line num="202" count="0" type="stmt"/>
      <line num="212" count="0" type="stmt"/>
      <line num="214" count="0" type="stmt"/>
      <line num="223" count="0" type="cond" truecount="0" falsecount="2"/>
      <line num="224" count="0" type="stmt"/>
      <line num="225" count="0" type="stmt"/>
      <line num="229" count="0" type="cond" truecount="0" falsecount="4"/>
      <line num="230" count="0" type="stmt"/>
      <line num="231" count="0" type="stmt"/>
      <line num="232" count="0" type="cond" truecount="0" falsecount="4"/>
      <line num="233" count="0" type="cond" truecount="0" falsecount="2"/>
      <line num="234" count="0" type="stmt"/>
      <line num="236" count="0" type="cond" truecount="0" falsecount="2"/>
      <line num="238" count="0" type="stmt"/>
      <line num="239" count="0" type="stmt"/>
      <line num="243" count="0" type="stmt"/>
      <line num="244" count="0" type="cond" truecount="0" falsecount="2"/>
      <line num="245" count="0" type="stmt"/>
      <line num="254" count="0" type="stmt"/>
      <line num="255" count="0" type="stmt"/>
      <line num="258" count="0" type="stmt"/>
      <line num="259" count="0" type="stmt"/>
      <line num="262" count="0" type="stmt"/>
      <line num="263" count="0" type="cond" truecount="0" falsecount="2"/>
      <line num="264" count="0" type="stmt"/>
      <line num="265" count="0" type="stmt"/>
      <line num="267" count="0" type="stmt"/>
      <line num="268" count="0" type="stmt"/>
      <line num="272" count="0" type="cond" truecount="0" falsecount="2"/>
      <line num="273" count="0" type="stmt"/>
      <line num="275" count="0" type="stmt"/>
      <line num="276" count="0" type="stmt"/>
      <line num="286" count="0" type="stmt"/>
      <line num="288" count="0" type="stmt"/>
      <line num="295" count="0" type="cond" truecount="0" falsecount="2"/>
      <line num="296" count="0" type="stmt"/>
      <line num="297" count="0" type="stmt"/>
      <line num="301" count="0" type="cond" truecount="0" falsecount="2"/>
      <line num="302" count="0" type="cond" truecount="0" falsecount="4"/>
      <line num="303" count="0" type="stmt"/>
      <line num="304" count="0" type="stmt"/>
      <line num="308" count="0" type="cond" truecount="0" falsecount="4"/>
      <line num="309" count="0" type="stmt"/>
      <line num="310" count="0" type="stmt"/>
      <line num="315" count="0" type="cond" truecount="0" falsecount="4"/>
      <line num="316" count="0" type="stmt"/>
      <line num="317" count="0" type="stmt"/>
      <line num="318" count="0" type="cond" truecount="0" falsecount="4"/>
      <line num="319" count="0" type="cond" truecount="0" falsecount="2"/>
      <line num="320" count="0" type="stmt"/>
      <line num="322" count="0" type="cond" truecount="0" falsecount="2"/>
      <line num="324" count="0" type="stmt"/>
      <line num="325" count="0" type="stmt"/>
      <line num="329" count="0" type="stmt"/>
      <line num="330" count="0" type="cond" truecount="0" falsecount="2"/>
      <line num="331" count="0" type="stmt"/>
      <line num="340" count="0" type="stmt"/>
      <line num="341" count="0" type="stmt"/>
      <line num="344" count="0" type="stmt"/>
      <line num="345" count="0" type="stmt"/>
      <line num="348" count="0" type="stmt"/>
      <line num="349" count="0" type="cond" truecount="0" falsecount="2"/>
      <line num="350" count="0" type="stmt"/>
      <line num="351" count="0" type="stmt"/>
      <line num="353" count="0" type="stmt"/>
      <line num="354" count="0" type="stmt"/>
      <line num="358" count="0" type="cond" truecount="0" falsecount="2"/>
      <line num="359" count="0" type="stmt"/>
      <line num="361" count="0" type="stmt"/>
      <line num="362" count="0" type="stmt"/>
      <line num="370" count="0" type="stmt"/>
      <line num="372" count="0" type="cond" truecount="0" falsecount="4"/>
      <line num="373" count="0" type="stmt"/>
      <line num="374" count="0" type="stmt"/>
      <line num="375" count="0" type="cond" truecount="0" falsecount="4"/>
      <line num="376" count="0" type="cond" truecount="0" falsecount="2"/>
      <line num="377" count="0" type="stmt"/>
      <line num="379" count="0" type="cond" truecount="0" falsecount="2"/>
      <line num="381" count="0" type="stmt"/>
      <line num="382" count="0" type="stmt"/>
      <line num="386" count="0" type="stmt"/>
      <line num="387" count="0" type="cond" truecount="0" falsecount="2"/>
      <line num="388" count="0" type="stmt"/>
      <line num="394" count="0" type="stmt"/>
      <line num="395" count="0" type="stmt"/>
      <line num="398" count="0" type="stmt"/>
      <line num="399" count="0" type="stmt"/>
      <line num="402" count="0" type="stmt"/>
      <line num="403" count="0" type="cond" truecount="0" falsecount="2"/>
      <line num="404" count="0" type="stmt"/>
      <line num="405" count="0" type="stmt"/>
      <line num="407" count="0" type="stmt"/>
      <line num="408" count="0" type="stmt"/>
      <line num="412" count="0" type="cond" truecount="0" falsecount="2"/>
      <line num="413" count="0" type="stmt"/>
      <line num="415" count="0" type="stmt"/>
      <line num="416" count="0" type="stmt"/>
      <line num="420" count="0" type="stmt"/>
      <line num="433" count="2" type="stmt"/>
      <line num="434" count="7" type="stmt"/>
      <line num="435" count="7" type="cond" truecount="2" falsecount="0"/>
      <line num="436" count="6" type="stmt"/>
      <line num="441" count="4" type="stmt"/>
      <line num="442" count="4" type="cond" truecount="1" falsecount="1"/>
      <line num="443" count="4" type="stmt"/>
      <line num="448" count="1" type="stmt"/>
      <line num="451" count="2" type="cond" truecount="1" falsecount="1"/>
      <line num="452" count="0" type="stmt"/>
      <line num="454" count="2" type="stmt"/>
      <line num="458" count="2" type="stmt"/>
      <line num="459" count="4" type="stmt"/>
      <line num="460" count="4" type="cond" truecount="2" falsecount="0"/>
      <line num="461" count="3" type="stmt"/>
      <line num="469" count="2" type="stmt"/>
      <line num="473" count="1" type="stmt"/>
      <line num="476" count="1" type="cond" truecount="1" falsecount="1"/>
      <line num="477" count="0" type="stmt"/>
      <line num="479" count="1" type="stmt"/>
      <line num="483" count="2" type="stmt"/>
      <line num="484" count="3" type="stmt"/>
      <line num="485" count="3" type="cond" truecount="1" falsecount="1"/>
      <line num="487" count="3" type="stmt"/>
      <line num="488" count="3" type="stmt"/>
      <line num="492" count="0" type="stmt"/>
      <line num="495" count="0" type="cond" truecount="0" falsecount="2"/>
      <line num="496" count="0" type="stmt"/>
      <line num="498" count="0" type="stmt"/>
      <line num="503" count="2" type="stmt"/>
      <line num="504" count="4" type="stmt"/>
      <line num="505" count="4" type="cond" truecount="2" falsecount="0"/>
      <line num="506" count="3" type="stmt"/>
      <line num="512" count="2" type="stmt"/>
      <line num="513" count="2" type="stmt"/>
      <line num="517" count="1" type="stmt"/>
      <line num="520" count="1" type="cond" truecount="1" falsecount="1"/>
      <line num="521" count="0" type="stmt"/>
      <line num="523" count="1" type="stmt"/>
      <line num="528" count="2" type="stmt"/>
      <line num="529" count="4" type="stmt"/>
      <line num="530" count="4" type="cond" truecount="2" falsecount="0"/>
      <line num="531" count="3" type="stmt"/>
      <line num="540" count="2" type="stmt"/>
      <line num="541" count="2" type="stmt"/>
      <line num="545" count="1" type="stmt"/>
      <line num="548" count="1" type="cond" truecount="1" falsecount="1"/>
      <line num="549" count="0" type="stmt"/>
      <line num="551" count="1" type="stmt"/>
      <line num="555" count="2" type="stmt"/>
      <line num="556" count="4" type="stmt"/>
      <line num="557" count="4" type="cond" truecount="2" falsecount="0"/>
      <line num="558" count="3" type="stmt"/>
      <line num="567" count="2" type="stmt"/>
      <line num="568" count="2" type="stmt"/>
      <line num="572" count="1" type="stmt"/>
      <line num="575" count="1" type="cond" truecount="1" falsecount="1"/>
      <line num="576" count="0" type="stmt"/>
      <line num="578" count="1" type="stmt"/>
      <line num="583" count="2" type="stmt"/>
      <line num="596" count="2" type="stmt"/>
    </file>
  </project>
</coverage>
