{"/Users/Shared/cursor/cursor-uninstaller/ui/dashboard/magic-mcp-integration.js": {"path":"/Users/Shared/cursor/cursor-uninstaller/ui/dashboard/magic-mcp-integration.js","statementMap":{"0":{"start":{"line":13,"column":32},"end":{"line":13,"column":48}},"1":{"start":{"line":14,"column":16},"end":{"line":14,"column":36}},"2":{"start":{"line":17,"column":20},"end":{"line":17,"column":25}},"3":{"start":{"line":18,"column":24},"end":{"line":18,"column":26}},"4":{"start":{"line":21,"column":24},"end":{"line":30,"column":1}},"5":{"start":{"line":22,"column":2},"end":{"line":22,"column":23}},"6":{"start":{"line":23,"column":2},"end":{"line":23,"column":31}},"7":{"start":{"line":24,"column":2},"end":{"line":29,"column":4}},"8":{"start":{"line":26,"column":6},"end":{"line":26,"column":28}},"9":{"start":{"line":27,"column":6},"end":{"line":27,"column":29}},"10":{"start":{"line":33,"column":22},"end":{"line":45,"column":1}},"11":{"start":{"line":34,"column":2},"end":{"line":34,"column":35}},"12":{"start":{"line":34,"column":19},"end":{"line":34,"column":35}},"13":{"start":{"line":36,"column":2},"end":{"line":44,"column":3}},"14":{"start":{"line":37,"column":4},"end":{"line":37,"column":34}},"15":{"start":{"line":40,"column":4},"end":{"line":42,"column":5}},"16":{"start":{"line":41,"column":6},"end":{"line":41,"column":46}},"17":{"start":{"line":43,"column":4},"end":{"line":43,"column":20}},"18":{"start":{"line":48,"column":26},"end":{"line":52,"column":1}},"19":{"start":{"line":49,"column":2},"end":{"line":51,"column":37}},"20":{"start":{"line":55,"column":23},"end":{"line":68,"column":1}},"21":{"start":{"line":57,"column":2},"end":{"line":59,"column":3}},"22":{"start":{"line":58,"column":4},"end":{"line":58,"column":16}},"23":{"start":{"line":62,"column":2},"end":{"line":64,"column":3}},"24":{"start":{"line":63,"column":4},"end":{"line":63,"column":16}},"25":{"start":{"line":66,"column":2},"end":{"line":67,"column":54}},"26":{"start":{"line":75,"column":26},"end":{"line":75,"column":40}},"27":{"start":{"line":76,"column":36},"end":{"line":76,"column":50}},"28":{"start":{"line":77,"column":28},"end":{"line":77,"column":42}},"29":{"start":{"line":78,"column":40},"end":{"line":78,"column":54}},"30":{"start":{"line":81,"column":20},"end":{"line":142,"column":3}},"31":{"start":{"line":82,"column":4},"end":{"line":82,"column":23}},"32":{"start":{"line":83,"column":4},"end":{"line":83,"column":19}},"33":{"start":{"line":85,"column":4},"end":{"line":141,"column":5}},"34":{"start":{"line":87,"column":6},"end":{"line":98,"column":7}},"35":{"start":{"line":88,"column":8},"end":{"line":97,"column":9}},"36":{"start":{"line":89,"column":25},"end":{"line":89,"column":60}},"37":{"start":{"line":90,"column":10},"end":{"line":90,"column":26}},"38":{"start":{"line":91,"column":10},"end":{"line":91,"column":37}},"39":{"start":{"line":92,"column":10},"end":{"line":92,"column":17}},"40":{"start":{"line":94,"column":10},"end":{"line":94,"column":26}},"41":{"start":{"line":96,"column":10},"end":{"line":96,"column":30}},"42":{"start":{"line":100,"column":6},"end":{"line":122,"column":7}},"43":{"start":{"line":101,"column":25},"end":{"line":104,"column":10}},"44":{"start":{"line":106,"column":27},"end":{"line":106,"column":50}},"45":{"start":{"line":108,"column":8},"end":{"line":116,"column":9}},"46":{"start":{"line":109,"column":10},"end":{"line":109,"column":30}},"47":{"start":{"line":110,"column":10},"end":{"line":110,"column":37}},"48":{"start":{"line":113,"column":27},"end":{"line":113,"column":61}},"49":{"start":{"line":114,"column":10},"end":{"line":114,"column":28}},"50":{"start":{"line":115,"column":10},"end":{"line":115,"column":37}},"51":{"start":{"line":119,"column":25},"end":{"line":119,"column":59}},"52":{"start":{"line":120,"column":8},"end":{"line":120,"column":26}},"53":{"start":{"line":121,"column":8},"end":{"line":121,"column":35}},"54":{"start":{"line":125,"column":6},"end":{"line":127,"column":7}},"55":{"start":{"line":126,"column":8},"end":{"line":126,"column":61}},"56":{"start":{"line":128,"column":6},"end":{"line":128,"column":64}},"57":{"start":{"line":131,"column":6},"end":{"line":138,"column":7}},"58":{"start":{"line":132,"column":25},"end":{"line":132,"column":59}},"59":{"start":{"line":133,"column":8},"end":{"line":133,"column":26}},"60":{"start":{"line":134,"column":8},"end":{"line":134,"column":35}},"61":{"start":{"line":137,"column":8},"end":{"line":137,"column":54}},"62":{"start":{"line":140,"column":6},"end":{"line":140,"column":26}},"63":{"start":{"line":145,"column":2},"end":{"line":147,"column":9}},"64":{"start":{"line":146,"column":4},"end":{"line":146,"column":16}},"65":{"start":{"line":154,"column":22},"end":{"line":204,"column":3}},"66":{"start":{"line":156,"column":4},"end":{"line":168,"column":5}},"67":{"start":{"line":157,"column":6},"end":{"line":167,"column":7}},"68":{"start":{"line":158,"column":23},"end":{"line":158,"column":65}},"69":{"start":{"line":159,"column":8},"end":{"line":162,"column":9}},"70":{"start":{"line":160,"column":10},"end":{"line":160,"column":67}},"71":{"start":{"line":161,"column":10},"end":{"line":161,"column":23}},"72":{"start":{"line":163,"column":8},"end":{"line":163,"column":49}},"73":{"start":{"line":165,"column":8},"end":{"line":165,"column":65}},"74":{"start":{"line":166,"column":8},"end":{"line":166,"column":21}},"75":{"start":{"line":170,"column":4},"end":{"line":203,"column":5}},"76":{"start":{"line":171,"column":6},"end":{"line":195,"column":7}},"77":{"start":{"line":172,"column":25},"end":{"line":178,"column":10}},"78":{"start":{"line":180,"column":23},"end":{"line":180,"column":50}},"79":{"start":{"line":181,"column":24},"end":{"line":181,"column":47}},"80":{"start":{"line":184,"column":8},"end":{"line":184,"column":26}},"81":{"start":{"line":185,"column":8},"end":{"line":185,"column":23}},"82":{"start":{"line":188,"column":23},"end":{"line":188,"column":63}},"83":{"start":{"line":189,"column":8},"end":{"line":192,"column":9}},"84":{"start":{"line":190,"column":10},"end":{"line":190,"column":28}},"85":{"start":{"line":191,"column":10},"end":{"line":191,"column":22}},"86":{"start":{"line":193,"column":8},"end":{"line":193,"column":66}},"87":{"start":{"line":194,"column":8},"end":{"line":194,"column":21}},"88":{"start":{"line":198,"column":6},"end":{"line":200,"column":7}},"89":{"start":{"line":199,"column":8},"end":{"line":199,"column":64}},"90":{"start":{"line":201,"column":6},"end":{"line":201,"column":47}},"91":{"start":{"line":202,"column":6},"end":{"line":202,"column":19}},"92":{"start":{"line":212,"column":24},"end":{"line":278,"column":3}},"93":{"start":{"line":214,"column":26},"end":{"line":221,"column":5}},"94":{"start":{"line":223,"column":4},"end":{"line":226,"column":5}},"95":{"start":{"line":224,"column":6},"end":{"line":224,"column":46}},"96":{"start":{"line":225,"column":6},"end":{"line":225,"column":19}},"97":{"start":{"line":229,"column":4},"end":{"line":241,"column":5}},"98":{"start":{"line":230,"column":6},"end":{"line":240,"column":7}},"99":{"start":{"line":231,"column":23},"end":{"line":231,"column":76}},"100":{"start":{"line":232,"column":8},"end":{"line":235,"column":9}},"101":{"start":{"line":233,"column":10},"end":{"line":233,"column":66}},"102":{"start":{"line":234,"column":10},"end":{"line":234,"column":23}},"103":{"start":{"line":236,"column":8},"end":{"line":236,"column":49}},"104":{"start":{"line":238,"column":8},"end":{"line":238,"column":64}},"105":{"start":{"line":239,"column":8},"end":{"line":239,"column":21}},"106":{"start":{"line":243,"column":4},"end":{"line":277,"column":5}},"107":{"start":{"line":244,"column":6},"end":{"line":269,"column":7}},"108":{"start":{"line":245,"column":25},"end":{"line":252,"column":10}},"109":{"start":{"line":254,"column":23},"end":{"line":254,"column":50}},"110":{"start":{"line":255,"column":24},"end":{"line":255,"column":47}},"111":{"start":{"line":258,"column":8},"end":{"line":258,"column":26}},"112":{"start":{"line":259,"column":8},"end":{"line":259,"column":23}},"113":{"start":{"line":262,"column":23},"end":{"line":262,"column":66}},"114":{"start":{"line":263,"column":8},"end":{"line":266,"column":9}},"115":{"start":{"line":264,"column":10},"end":{"line":264,"column":28}},"116":{"start":{"line":265,"column":10},"end":{"line":265,"column":22}},"117":{"start":{"line":267,"column":8},"end":{"line":267,"column":68}},"118":{"start":{"line":268,"column":8},"end":{"line":268,"column":21}},"119":{"start":{"line":272,"column":6},"end":{"line":274,"column":7}},"120":{"start":{"line":273,"column":8},"end":{"line":273,"column":65}},"121":{"start":{"line":275,"column":6},"end":{"line":275,"column":46}},"122":{"start":{"line":276,"column":6},"end":{"line":276,"column":19}},"123":{"start":{"line":286,"column":28},"end":{"line":364,"column":3}},"124":{"start":{"line":288,"column":29},"end":{"line":293,"column":5}},"125":{"start":{"line":295,"column":4},"end":{"line":298,"column":5}},"126":{"start":{"line":296,"column":6},"end":{"line":296,"column":53}},"127":{"start":{"line":297,"column":6},"end":{"line":297,"column":19}},"128":{"start":{"line":301,"column":4},"end":{"line":312,"column":5}},"129":{"start":{"line":302,"column":6},"end":{"line":305,"column":7}},"130":{"start":{"line":303,"column":8},"end":{"line":303,"column":89}},"131":{"start":{"line":304,"column":8},"end":{"line":304,"column":21}},"132":{"start":{"line":308,"column":6},"end":{"line":311,"column":7}},"133":{"start":{"line":309,"column":8},"end":{"line":309,"column":89}},"134":{"start":{"line":310,"column":8},"end":{"line":310,"column":21}},"135":{"start":{"line":315,"column":4},"end":{"line":327,"column":5}},"136":{"start":{"line":316,"column":6},"end":{"line":326,"column":7}},"137":{"start":{"line":317,"column":23},"end":{"line":317,"column":83}},"138":{"start":{"line":318,"column":8},"end":{"line":321,"column":9}},"139":{"start":{"line":319,"column":10},"end":{"line":319,"column":76}},"140":{"start":{"line":320,"column":10},"end":{"line":320,"column":23}},"141":{"start":{"line":322,"column":8},"end":{"line":322,"column":49}},"142":{"start":{"line":324,"column":8},"end":{"line":324,"column":74}},"143":{"start":{"line":325,"column":8},"end":{"line":325,"column":21}},"144":{"start":{"line":329,"column":4},"end":{"line":363,"column":5}},"145":{"start":{"line":330,"column":6},"end":{"line":355,"column":7}},"146":{"start":{"line":331,"column":25},"end":{"line":338,"column":10}},"147":{"start":{"line":340,"column":23},"end":{"line":340,"column":50}},"148":{"start":{"line":341,"column":24},"end":{"line":341,"column":47}},"149":{"start":{"line":344,"column":8},"end":{"line":344,"column":26}},"150":{"start":{"line":345,"column":8},"end":{"line":345,"column":23}},"151":{"start":{"line":348,"column":23},"end":{"line":348,"column":73}},"152":{"start":{"line":349,"column":8},"end":{"line":352,"column":9}},"153":{"start":{"line":350,"column":10},"end":{"line":350,"column":28}},"154":{"start":{"line":351,"column":10},"end":{"line":351,"column":22}},"155":{"start":{"line":353,"column":8},"end":{"line":353,"column":73}},"156":{"start":{"line":354,"column":8},"end":{"line":354,"column":21}},"157":{"start":{"line":358,"column":6},"end":{"line":360,"column":7}},"158":{"start":{"line":359,"column":8},"end":{"line":359,"column":77}},"159":{"start":{"line":361,"column":6},"end":{"line":361,"column":56}},"160":{"start":{"line":362,"column":6},"end":{"line":362,"column":19}},"161":{"start":{"line":370,"column":22},"end":{"line":418,"column":3}},"162":{"start":{"line":372,"column":4},"end":{"line":384,"column":5}},"163":{"start":{"line":373,"column":6},"end":{"line":383,"column":7}},"164":{"start":{"line":374,"column":23},"end":{"line":374,"column":60}},"165":{"start":{"line":375,"column":8},"end":{"line":378,"column":9}},"166":{"start":{"line":376,"column":10},"end":{"line":376,"column":71}},"167":{"start":{"line":377,"column":10},"end":{"line":377,"column":23}},"168":{"start":{"line":379,"column":8},"end":{"line":379,"column":49}},"169":{"start":{"line":381,"column":8},"end":{"line":381,"column":69}},"170":{"start":{"line":382,"column":8},"end":{"line":382,"column":21}},"171":{"start":{"line":386,"column":4},"end":{"line":417,"column":5}},"172":{"start":{"line":387,"column":6},"end":{"line":409,"column":7}},"173":{"start":{"line":388,"column":25},"end":{"line":392,"column":10}},"174":{"start":{"line":394,"column":23},"end":{"line":394,"column":50}},"175":{"start":{"line":395,"column":24},"end":{"line":395,"column":47}},"176":{"start":{"line":398,"column":8},"end":{"line":398,"column":26}},"177":{"start":{"line":399,"column":8},"end":{"line":399,"column":23}},"178":{"start":{"line":402,"column":23},"end":{"line":402,"column":59}},"179":{"start":{"line":403,"column":8},"end":{"line":406,"column":9}},"180":{"start":{"line":404,"column":10},"end":{"line":404,"column":28}},"181":{"start":{"line":405,"column":10},"end":{"line":405,"column":22}},"182":{"start":{"line":407,"column":8},"end":{"line":407,"column":66}},"183":{"start":{"line":408,"column":8},"end":{"line":408,"column":21}},"184":{"start":{"line":412,"column":6},"end":{"line":414,"column":7}},"185":{"start":{"line":413,"column":8},"end":{"line":413,"column":63}},"186":{"start":{"line":415,"column":6},"end":{"line":415,"column":51}},"187":{"start":{"line":416,"column":6},"end":{"line":416,"column":19}},"188":{"start":{"line":420,"column":2},"end":{"line":429,"column":4}},"189":{"start":{"line":433,"column":27},"end":{"line":456,"column":1}},"190":{"start":{"line":434,"column":2},"end":{"line":455,"column":3}},"191":{"start":{"line":435,"column":4},"end":{"line":445,"column":5}},"192":{"start":{"line":436,"column":23},"end":{"line":439,"column":8}},"193":{"start":{"line":441,"column":25},"end":{"line":441,"column":48}},"194":{"start":{"line":442,"column":6},"end":{"line":444,"column":7}},"195":{"start":{"line":443,"column":8},"end":{"line":443,"column":26}},"196":{"start":{"line":448,"column":4},"end":{"line":448,"column":46}},"197":{"start":{"line":451,"column":4},"end":{"line":453,"column":5}},"198":{"start":{"line":452,"column":6},"end":{"line":452,"column":61}},"199":{"start":{"line":454,"column":4},"end":{"line":454,"column":46}},"200":{"start":{"line":458,"column":28},"end":{"line":481,"column":1}},"201":{"start":{"line":459,"column":2},"end":{"line":480,"column":3}},"202":{"start":{"line":460,"column":4},"end":{"line":470,"column":5}},"203":{"start":{"line":461,"column":6},"end":{"line":467,"column":9}},"204":{"start":{"line":469,"column":6},"end":{"line":469,"column":18}},"205":{"start":{"line":473,"column":4},"end":{"line":473,"column":52}},"206":{"start":{"line":476,"column":4},"end":{"line":478,"column":5}},"207":{"start":{"line":477,"column":6},"end":{"line":477,"column":64}},"208":{"start":{"line":479,"column":4},"end":{"line":479,"column":17}},"209":{"start":{"line":483,"column":28},"end":{"line":500,"column":1}},"210":{"start":{"line":484,"column":2},"end":{"line":499,"column":3}},"211":{"start":{"line":485,"column":4},"end":{"line":489,"column":5}},"212":{"start":{"line":487,"column":19},"end":{"line":487,"column":45}},"213":{"start":{"line":488,"column":6},"end":{"line":488,"column":18}},"214":{"start":{"line":492,"column":4},"end":{"line":492,"column":46}},"215":{"start":{"line":495,"column":4},"end":{"line":497,"column":5}},"216":{"start":{"line":496,"column":6},"end":{"line":496,"column":60}},"217":{"start":{"line":498,"column":4},"end":{"line":498,"column":46}},"218":{"start":{"line":503,"column":29},"end":{"line":525,"column":1}},"219":{"start":{"line":504,"column":2},"end":{"line":524,"column":3}},"220":{"start":{"line":505,"column":4},"end":{"line":514,"column":5}},"221":{"start":{"line":506,"column":23},"end":{"line":510,"column":8}},"222":{"start":{"line":512,"column":21},"end":{"line":512,"column":48}},"223":{"start":{"line":513,"column":6},"end":{"line":513,"column":20}},"224":{"start":{"line":517,"column":4},"end":{"line":517,"column":48}},"225":{"start":{"line":520,"column":4},"end":{"line":522,"column":5}},"226":{"start":{"line":521,"column":6},"end":{"line":521,"column":63}},"227":{"start":{"line":523,"column":4},"end":{"line":523,"column":48}},"228":{"start":{"line":528,"column":22},"end":{"line":553,"column":1}},"229":{"start":{"line":529,"column":2},"end":{"line":552,"column":3}},"230":{"start":{"line":530,"column":4},"end":{"line":542,"column":5}},"231":{"start":{"line":531,"column":23},"end":{"line":538,"column":8}},"232":{"start":{"line":540,"column":21},"end":{"line":540,"column":48}},"233":{"start":{"line":541,"column":6},"end":{"line":541,"column":37}},"234":{"start":{"line":545,"column":4},"end":{"line":545,"column":55}},"235":{"start":{"line":548,"column":4},"end":{"line":550,"column":5}},"236":{"start":{"line":549,"column":6},"end":{"line":549,"column":65}},"237":{"start":{"line":551,"column":4},"end":{"line":551,"column":17}},"238":{"start":{"line":555,"column":26},"end":{"line":580,"column":1}},"239":{"start":{"line":556,"column":2},"end":{"line":579,"column":3}},"240":{"start":{"line":557,"column":4},"end":{"line":569,"column":5}},"241":{"start":{"line":558,"column":23},"end":{"line":565,"column":8}},"242":{"start":{"line":567,"column":21},"end":{"line":567,"column":48}},"243":{"start":{"line":568,"column":6},"end":{"line":568,"column":37}},"244":{"start":{"line":572,"column":4},"end":{"line":572,"column":62}},"245":{"start":{"line":575,"column":4},"end":{"line":577,"column":5}},"246":{"start":{"line":576,"column":6},"end":{"line":576,"column":77}},"247":{"start":{"line":578,"column":4},"end":{"line":578,"column":17}},"248":{"start":{"line":583,"column":0},"end":{"line":593,"column":2}},"249":{"start":{"line":596,"column":0},"end":{"line":608,"column":2}}},"fnMap":{"0":{"name":"(anonymous_0)","decl":{"start":{"line":21,"column":24},"end":{"line":21,"column":25}},"loc":{"start":{"line":21,"column":43},"end":{"line":30,"column":1}},"line":21},"1":{"name":"(anonymous_1)","decl":{"start":{"line":25,"column":14},"end":{"line":25,"column":15}},"loc":{"start":{"line":25,"column":20},"end":{"line":28,"column":5}},"line":25},"2":{"name":"(anonymous_2)","decl":{"start":{"line":33,"column":22},"end":{"line":33,"column":23}},"loc":{"start":{"line":33,"column":55},"end":{"line":45,"column":1}},"line":33},"3":{"name":"(anonymous_3)","decl":{"start":{"line":48,"column":26},"end":{"line":48,"column":27}},"loc":{"start":{"line":48,"column":32},"end":{"line":52,"column":1}},"line":48},"4":{"name":"(anonymous_4)","decl":{"start":{"line":55,"column":23},"end":{"line":55,"column":24}},"loc":{"start":{"line":55,"column":29},"end":{"line":68,"column":1}},"line":55},"5":{"name":"useMagicMcpDashboard","decl":{"start":{"line":74,"column":9},"end":{"line":74,"column":29}},"loc":{"start":{"line":74,"column":32},"end":{"line":430,"column":1}},"line":74},"6":{"name":"(anonymous_6)","decl":{"start":{"line":81,"column":20},"end":{"line":81,"column":21}},"loc":{"start":{"line":81,"column":32},"end":{"line":142,"column":3}},"line":81},"7":{"name":"(anonymous_7)","decl":{"start":{"line":145,"column":12},"end":{"line":145,"column":13}},"loc":{"start":{"line":145,"column":18},"end":{"line":147,"column":3}},"line":145},"8":{"name":"(anonymous_8)","decl":{"start":{"line":154,"column":22},"end":{"line":154,"column":23}},"loc":{"start":{"line":154,"column":39},"end":{"line":204,"column":3}},"line":154},"9":{"name":"(anonymous_9)","decl":{"start":{"line":212,"column":24},"end":{"line":212,"column":25}},"loc":{"start":{"line":212,"column":50},"end":{"line":278,"column":3}},"line":212},"10":{"name":"(anonymous_10)","decl":{"start":{"line":286,"column":28},"end":{"line":286,"column":29}},"loc":{"start":{"line":286,"column":57},"end":{"line":364,"column":3}},"line":286},"11":{"name":"(anonymous_11)","decl":{"start":{"line":370,"column":22},"end":{"line":370,"column":23}},"loc":{"start":{"line":370,"column":34},"end":{"line":418,"column":3}},"line":370},"12":{"name":"(anonymous_12)","decl":{"start":{"line":433,"column":27},"end":{"line":433,"column":28}},"loc":{"start":{"line":433,"column":39},"end":{"line":456,"column":1}},"line":433},"13":{"name":"(anonymous_13)","decl":{"start":{"line":458,"column":28},"end":{"line":458,"column":29}},"loc":{"start":{"line":458,"column":45},"end":{"line":481,"column":1}},"line":458},"14":{"name":"(anonymous_14)","decl":{"start":{"line":483,"column":28},"end":{"line":483,"column":29}},"loc":{"start":{"line":483,"column":40},"end":{"line":500,"column":1}},"line":483},"15":{"name":"(anonymous_15)","decl":{"start":{"line":503,"column":29},"end":{"line":503,"column":30}},"loc":{"start":{"line":503,"column":41},"end":{"line":525,"column":1}},"line":503},"16":{"name":"(anonymous_16)","decl":{"start":{"line":528,"column":22},"end":{"line":528,"column":23}},"loc":{"start":{"line":528,"column":48},"end":{"line":553,"column":1}},"line":528},"17":{"name":"(anonymous_17)","decl":{"start":{"line":555,"column":26},"end":{"line":555,"column":27}},"loc":{"start":{"line":555,"column":55},"end":{"line":580,"column":1}},"line":555}},"branchMap":{"0":{"loc":{"start":{"line":21,"column":25},"end":{"line":21,"column":38}},"type":"default-arg","locations":[{"start":{"line":21,"column":36},"end":{"line":21,"column":38}}],"line":21},"1":{"loc":{"start":{"line":33,"column":35},"end":{"line":33,"column":50}},"type":"default-arg","locations":[{"start":{"line":33,"column":46},"end":{"line":33,"column":50}}],"line":33},"2":{"loc":{"start":{"line":34,"column":2},"end":{"line":34,"column":35}},"type":"if","locations":[{"start":{"line":34,"column":2},"end":{"line":34,"column":35}},{"start":{},"end":{}}],"line":34},"3":{"loc":{"start":{"line":40,"column":4},"end":{"line":42,"column":5}},"type":"if","locations":[{"start":{"line":40,"column":4},"end":{"line":42,"column":5}},{"start":{},"end":{}}],"line":40},"4":{"loc":{"start":{"line":49,"column":9},"end":{"line":51,"column":36}},"type":"binary-expr","locations":[{"start":{"line":49,"column":9},"end":{"line":49,"column":39}},{"start":{"line":50,"column":9},"end":{"line":50,"column":40}},{"start":{"line":51,"column":9},"end":{"line":51,"column":36}}],"line":49},"5":{"loc":{"start":{"line":57,"column":2},"end":{"line":59,"column":3}},"type":"if","locations":[{"start":{"line":57,"column":2},"end":{"line":59,"column":3}},{"start":{},"end":{}}],"line":57},"6":{"loc":{"start":{"line":62,"column":2},"end":{"line":64,"column":3}},"type":"if","locations":[{"start":{"line":62,"column":2},"end":{"line":64,"column":3}},{"start":{},"end":{}}],"line":62},"7":{"loc":{"start":{"line":62,"column":6},"end":{"line":62,"column":74}},"type":"binary-expr","locations":[{"start":{"line":62,"column":6},"end":{"line":62,"column":25}},{"start":{"line":62,"column":29},"end":{"line":62,"column":58}},{"start":{"line":62,"column":62},"end":{"line":62,"column":74}}],"line":62},"8":{"loc":{"start":{"line":66,"column":9},"end":{"line":67,"column":53}},"type":"binary-expr","locations":[{"start":{"line":66,"column":9},"end":{"line":66,"column":38}},{"start":{"line":67,"column":9},"end":{"line":67,"column":53}}],"line":66},"9":{"loc":{"start":{"line":87,"column":6},"end":{"line":98,"column":7}},"type":"if","locations":[{"start":{"line":87,"column":6},"end":{"line":98,"column":7}},{"start":{},"end":{}}],"line":87},"10":{"loc":{"start":{"line":87,"column":10},"end":{"line":87,"column":54}},"type":"binary-expr","locations":[{"start":{"line":87,"column":10},"end":{"line":87,"column":23}},{"start":{"line":87,"column":27},"end":{"line":87,"column":54}}],"line":87},"11":{"loc":{"start":{"line":100,"column":6},"end":{"line":122,"column":7}},"type":"if","locations":[{"start":{"line":100,"column":6},"end":{"line":122,"column":7}},{"start":{"line":117,"column":13},"end":{"line":122,"column":7}}],"line":100},"12":{"loc":{"start":{"line":108,"column":8},"end":{"line":116,"column":9}},"type":"if","locations":[{"start":{"line":108,"column":8},"end":{"line":116,"column":9}},{"start":{"line":111,"column":15},"end":{"line":116,"column":9}}],"line":108},"13":{"loc":{"start":{"line":125,"column":6},"end":{"line":127,"column":7}},"type":"if","locations":[{"start":{"line":125,"column":6},"end":{"line":127,"column":7}},{"start":{},"end":{}}],"line":125},"14":{"loc":{"start":{"line":128,"column":15},"end":{"line":128,"column":62}},"type":"binary-expr","locations":[{"start":{"line":128,"column":15},"end":{"line":128,"column":26}},{"start":{"line":128,"column":30},"end":{"line":128,"column":62}}],"line":128},"15":{"loc":{"start":{"line":156,"column":4},"end":{"line":168,"column":5}},"type":"if","locations":[{"start":{"line":156,"column":4},"end":{"line":168,"column":5}},{"start":{},"end":{}}],"line":156},"16":{"loc":{"start":{"line":156,"column":8},"end":{"line":156,"column":54}},"type":"binary-expr","locations":[{"start":{"line":156,"column":8},"end":{"line":156,"column":21}},{"start":{"line":156,"column":25},"end":{"line":156,"column":54}}],"line":156},"17":{"loc":{"start":{"line":159,"column":8},"end":{"line":162,"column":9}},"type":"if","locations":[{"start":{"line":159,"column":8},"end":{"line":162,"column":9}},{"start":{},"end":{}}],"line":159},"18":{"loc":{"start":{"line":159,"column":12},"end":{"line":159,"column":46}},"type":"binary-expr","locations":[{"start":{"line":159,"column":12},"end":{"line":159,"column":18}},{"start":{"line":159,"column":22},"end":{"line":159,"column":46}}],"line":159},"19":{"loc":{"start":{"line":160,"column":19},"end":{"line":160,"column":65}},"type":"binary-expr","locations":[{"start":{"line":160,"column":19},"end":{"line":160,"column":31}},{"start":{"line":160,"column":35},"end":{"line":160,"column":65}}],"line":160},"20":{"loc":{"start":{"line":163,"column":15},"end":{"line":163,"column":48}},"type":"binary-expr","locations":[{"start":{"line":163,"column":15},"end":{"line":163,"column":21}},{"start":{"line":163,"column":25},"end":{"line":163,"column":48}}],"line":163},"21":{"loc":{"start":{"line":171,"column":6},"end":{"line":195,"column":7}},"type":"if","locations":[{"start":{"line":171,"column":6},"end":{"line":195,"column":7}},{"start":{"line":186,"column":13},"end":{"line":195,"column":7}}],"line":171},"22":{"loc":{"start":{"line":189,"column":8},"end":{"line":192,"column":9}},"type":"if","locations":[{"start":{"line":189,"column":8},"end":{"line":192,"column":9}},{"start":{},"end":{}}],"line":189},"23":{"loc":{"start":{"line":198,"column":6},"end":{"line":200,"column":7}},"type":"if","locations":[{"start":{"line":198,"column":6},"end":{"line":200,"column":7}},{"start":{},"end":{}}],"line":198},"24":{"loc":{"start":{"line":223,"column":4},"end":{"line":226,"column":5}},"type":"if","locations":[{"start":{"line":223,"column":4},"end":{"line":226,"column":5}},{"start":{},"end":{}}],"line":223},"25":{"loc":{"start":{"line":229,"column":4},"end":{"line":241,"column":5}},"type":"if","locations":[{"start":{"line":229,"column":4},"end":{"line":241,"column":5}},{"start":{},"end":{}}],"line":229},"26":{"loc":{"start":{"line":229,"column":8},"end":{"line":229,"column":56}},"type":"binary-expr","locations":[{"start":{"line":229,"column":8},"end":{"line":229,"column":21}},{"start":{"line":229,"column":25},"end":{"line":229,"column":56}}],"line":229},"27":{"loc":{"start":{"line":232,"column":8},"end":{"line":235,"column":9}},"type":"if","locations":[{"start":{"line":232,"column":8},"end":{"line":235,"column":9}},{"start":{},"end":{}}],"line":232},"28":{"loc":{"start":{"line":232,"column":12},"end":{"line":232,"column":46}},"type":"binary-expr","locations":[{"start":{"line":232,"column":12},"end":{"line":232,"column":18}},{"start":{"line":232,"column":22},"end":{"line":232,"column":46}}],"line":232},"29":{"loc":{"start":{"line":233,"column":19},"end":{"line":233,"column":64}},"type":"binary-expr","locations":[{"start":{"line":233,"column":19},"end":{"line":233,"column":31}},{"start":{"line":233,"column":35},"end":{"line":233,"column":64}}],"line":233},"30":{"loc":{"start":{"line":236,"column":15},"end":{"line":236,"column":48}},"type":"binary-expr","locations":[{"start":{"line":236,"column":15},"end":{"line":236,"column":21}},{"start":{"line":236,"column":25},"end":{"line":236,"column":48}}],"line":236},"31":{"loc":{"start":{"line":244,"column":6},"end":{"line":269,"column":7}},"type":"if","locations":[{"start":{"line":244,"column":6},"end":{"line":269,"column":7}},{"start":{"line":260,"column":13},"end":{"line":269,"column":7}}],"line":244},"32":{"loc":{"start":{"line":263,"column":8},"end":{"line":266,"column":9}},"type":"if","locations":[{"start":{"line":263,"column":8},"end":{"line":266,"column":9}},{"start":{},"end":{}}],"line":263},"33":{"loc":{"start":{"line":272,"column":6},"end":{"line":274,"column":7}},"type":"if","locations":[{"start":{"line":272,"column":6},"end":{"line":274,"column":7}},{"start":{},"end":{}}],"line":272},"34":{"loc":{"start":{"line":295,"column":4},"end":{"line":298,"column":5}},"type":"if","locations":[{"start":{"line":295,"column":4},"end":{"line":298,"column":5}},{"start":{},"end":{}}],"line":295},"35":{"loc":{"start":{"line":301,"column":4},"end":{"line":312,"column":5}},"type":"if","locations":[{"start":{"line":301,"column":4},"end":{"line":312,"column":5}},{"start":{"line":306,"column":11},"end":{"line":312,"column":5}}],"line":301},"36":{"loc":{"start":{"line":302,"column":6},"end":{"line":305,"column":7}},"type":"if","locations":[{"start":{"line":302,"column":6},"end":{"line":305,"column":7}},{"start":{},"end":{}}],"line":302},"37":{"loc":{"start":{"line":302,"column":10},"end":{"line":302,"column":37}},"type":"binary-expr","locations":[{"start":{"line":302,"column":10},"end":{"line":302,"column":21}},{"start":{"line":302,"column":25},"end":{"line":302,"column":37}}],"line":302},"38":{"loc":{"start":{"line":308,"column":6},"end":{"line":311,"column":7}},"type":"if","locations":[{"start":{"line":308,"column":6},"end":{"line":311,"column":7}},{"start":{},"end":{}}],"line":308},"39":{"loc":{"start":{"line":308,"column":10},"end":{"line":308,"column":37}},"type":"binary-expr","locations":[{"start":{"line":308,"column":10},"end":{"line":308,"column":21}},{"start":{"line":308,"column":25},"end":{"line":308,"column":37}}],"line":308},"40":{"loc":{"start":{"line":315,"column":4},"end":{"line":327,"column":5}},"type":"if","locations":[{"start":{"line":315,"column":4},"end":{"line":327,"column":5}},{"start":{},"end":{}}],"line":315},"41":{"loc":{"start":{"line":315,"column":8},"end":{"line":315,"column":60}},"type":"binary-expr","locations":[{"start":{"line":315,"column":8},"end":{"line":315,"column":21}},{"start":{"line":315,"column":25},"end":{"line":315,"column":60}}],"line":315},"42":{"loc":{"start":{"line":318,"column":8},"end":{"line":321,"column":9}},"type":"if","locations":[{"start":{"line":318,"column":8},"end":{"line":321,"column":9}},{"start":{},"end":{}}],"line":318},"43":{"loc":{"start":{"line":318,"column":12},"end":{"line":318,"column":46}},"type":"binary-expr","locations":[{"start":{"line":318,"column":12},"end":{"line":318,"column":18}},{"start":{"line":318,"column":22},"end":{"line":318,"column":46}}],"line":318},"44":{"loc":{"start":{"line":319,"column":19},"end":{"line":319,"column":74}},"type":"binary-expr","locations":[{"start":{"line":319,"column":19},"end":{"line":319,"column":31}},{"start":{"line":319,"column":35},"end":{"line":319,"column":74}}],"line":319},"45":{"loc":{"start":{"line":322,"column":15},"end":{"line":322,"column":48}},"type":"binary-expr","locations":[{"start":{"line":322,"column":15},"end":{"line":322,"column":21}},{"start":{"line":322,"column":25},"end":{"line":322,"column":48}}],"line":322},"46":{"loc":{"start":{"line":330,"column":6},"end":{"line":355,"column":7}},"type":"if","locations":[{"start":{"line":330,"column":6},"end":{"line":355,"column":7}},{"start":{"line":346,"column":13},"end":{"line":355,"column":7}}],"line":330},"47":{"loc":{"start":{"line":349,"column":8},"end":{"line":352,"column":9}},"type":"if","locations":[{"start":{"line":349,"column":8},"end":{"line":352,"column":9}},{"start":{},"end":{}}],"line":349},"48":{"loc":{"start":{"line":358,"column":6},"end":{"line":360,"column":7}},"type":"if","locations":[{"start":{"line":358,"column":6},"end":{"line":360,"column":7}},{"start":{},"end":{}}],"line":358},"49":{"loc":{"start":{"line":372,"column":4},"end":{"line":384,"column":5}},"type":"if","locations":[{"start":{"line":372,"column":4},"end":{"line":384,"column":5}},{"start":{},"end":{}}],"line":372},"50":{"loc":{"start":{"line":372,"column":8},"end":{"line":372,"column":54}},"type":"binary-expr","locations":[{"start":{"line":372,"column":8},"end":{"line":372,"column":21}},{"start":{"line":372,"column":25},"end":{"line":372,"column":54}}],"line":372},"51":{"loc":{"start":{"line":375,"column":8},"end":{"line":378,"column":9}},"type":"if","locations":[{"start":{"line":375,"column":8},"end":{"line":378,"column":9}},{"start":{},"end":{}}],"line":375},"52":{"loc":{"start":{"line":375,"column":12},"end":{"line":375,"column":46}},"type":"binary-expr","locations":[{"start":{"line":375,"column":12},"end":{"line":375,"column":18}},{"start":{"line":375,"column":22},"end":{"line":375,"column":46}}],"line":375},"53":{"loc":{"start":{"line":376,"column":19},"end":{"line":376,"column":69}},"type":"binary-expr","locations":[{"start":{"line":376,"column":19},"end":{"line":376,"column":31}},{"start":{"line":376,"column":35},"end":{"line":376,"column":69}}],"line":376},"54":{"loc":{"start":{"line":379,"column":15},"end":{"line":379,"column":48}},"type":"binary-expr","locations":[{"start":{"line":379,"column":15},"end":{"line":379,"column":21}},{"start":{"line":379,"column":25},"end":{"line":379,"column":48}}],"line":379},"55":{"loc":{"start":{"line":387,"column":6},"end":{"line":409,"column":7}},"type":"if","locations":[{"start":{"line":387,"column":6},"end":{"line":409,"column":7}},{"start":{"line":400,"column":13},"end":{"line":409,"column":7}}],"line":387},"56":{"loc":{"start":{"line":403,"column":8},"end":{"line":406,"column":9}},"type":"if","locations":[{"start":{"line":403,"column":8},"end":{"line":406,"column":9}},{"start":{},"end":{}}],"line":403},"57":{"loc":{"start":{"line":412,"column":6},"end":{"line":414,"column":7}},"type":"if","locations":[{"start":{"line":412,"column":6},"end":{"line":414,"column":7}},{"start":{},"end":{}}],"line":412},"58":{"loc":{"start":{"line":435,"column":4},"end":{"line":445,"column":5}},"type":"if","locations":[{"start":{"line":435,"column":4},"end":{"line":445,"column":5}},{"start":{},"end":{}}],"line":435},"59":{"loc":{"start":{"line":442,"column":6},"end":{"line":444,"column":7}},"type":"if","locations":[{"start":{"line":442,"column":6},"end":{"line":444,"column":7}},{"start":{},"end":{}}],"line":442},"60":{"loc":{"start":{"line":451,"column":4},"end":{"line":453,"column":5}},"type":"if","locations":[{"start":{"line":451,"column":4},"end":{"line":453,"column":5}},{"start":{},"end":{}}],"line":451},"61":{"loc":{"start":{"line":460,"column":4},"end":{"line":470,"column":5}},"type":"if","locations":[{"start":{"line":460,"column":4},"end":{"line":470,"column":5}},{"start":{},"end":{}}],"line":460},"62":{"loc":{"start":{"line":476,"column":4},"end":{"line":478,"column":5}},"type":"if","locations":[{"start":{"line":476,"column":4},"end":{"line":478,"column":5}},{"start":{},"end":{}}],"line":476},"63":{"loc":{"start":{"line":485,"column":4},"end":{"line":489,"column":5}},"type":"if","locations":[{"start":{"line":485,"column":4},"end":{"line":489,"column":5}},{"start":{},"end":{}}],"line":485},"64":{"loc":{"start":{"line":495,"column":4},"end":{"line":497,"column":5}},"type":"if","locations":[{"start":{"line":495,"column":4},"end":{"line":497,"column":5}},{"start":{},"end":{}}],"line":495},"65":{"loc":{"start":{"line":505,"column":4},"end":{"line":514,"column":5}},"type":"if","locations":[{"start":{"line":505,"column":4},"end":{"line":514,"column":5}},{"start":{},"end":{}}],"line":505},"66":{"loc":{"start":{"line":520,"column":4},"end":{"line":522,"column":5}},"type":"if","locations":[{"start":{"line":520,"column":4},"end":{"line":522,"column":5}},{"start":{},"end":{}}],"line":520},"67":{"loc":{"start":{"line":530,"column":4},"end":{"line":542,"column":5}},"type":"if","locations":[{"start":{"line":530,"column":4},"end":{"line":542,"column":5}},{"start":{},"end":{}}],"line":530},"68":{"loc":{"start":{"line":548,"column":4},"end":{"line":550,"column":5}},"type":"if","locations":[{"start":{"line":548,"column":4},"end":{"line":550,"column":5}},{"start":{},"end":{}}],"line":548},"69":{"loc":{"start":{"line":557,"column":4},"end":{"line":569,"column":5}},"type":"if","locations":[{"start":{"line":557,"column":4},"end":{"line":569,"column":5}},{"start":{},"end":{}}],"line":557},"70":{"loc":{"start":{"line":575,"column":4},"end":{"line":577,"column":5}},"type":"if","locations":[{"start":{"line":575,"column":4},"end":{"line":577,"column":5}},{"start":{},"end":{}}],"line":575}},"s":{"0":2,"1":2,"2":2,"3":2,"4":2,"5":3,"6":3,"7":3,"8":3,"9":3,"10":2,"11":13,"12":1,"13":12,"14":12,"15":1,"16":0,"17":1,"18":2,"19":36,"20":2,"21":30,"22":1,"23":29,"24":23,"25":6,"26":0,"27":0,"28":0,"29":0,"30":0,"31":0,"32":0,"33":0,"34":0,"35":0,"36":0,"37":0,"38":0,"39":0,"40":0,"41":0,"42":0,"43":0,"44":0,"45":0,"46":0,"47":0,"48":0,"49":0,"50":0,"51":0,"52":0,"53":0,"54":0,"55":0,"56":0,"57":0,"58":0,"59":0,"60":0,"61":0,"62":0,"63":0,"64":0,"65":0,"66":0,"67":0,"68":0,"69":0,"70":0,"71":0,"72":0,"73":0,"74":0,"75":0,"76":0,"77":0,"78":0,"79":0,"80":0,"81":0,"82":0,"83":0,"84":0,"85":0,"86":0,"87":0,"88":0,"89":0,"90":0,"91":0,"92":0,"93":0,"94":0,"95":0,"96":0,"97":0,"98":0,"99":0,"100":0,"101":0,"102":0,"103":0,"104":0,"105":0,"106":0,"107":0,"108":0,"109":0,"110":0,"111":0,"112":0,"113":0,"114":0,"115":0,"116":0,"117":0,"118":0,"119":0,"120":0,"121":0,"122":0,"123":0,"124":0,"125":0,"126":0,"127":0,"128":0,"129":0,"130":0,"131":0,"132":0,"133":0,"134":0,"135":0,"136":0,"137":0,"138":0,"139":0,"140":0,"141":0,"142":0,"143":0,"144":0,"145":0,"146":0,"147":0,"148":0,"149":0,"150":0,"151":0,"152":0,"153":0,"154":0,"155":0,"156":0,"157":0,"158":0,"159":0,"160":0,"161":0,"162":0,"163":0,"164":0,"165":0,"166":0,"167":0,"168":0,"169":0,"170":0,"171":0,"172":0,"173":0,"174":0,"175":0,"176":0,"177":0,"178":0,"179":0,"180":0,"181":0,"182":0,"183":0,"184":0,"185":0,"186":0,"187":0,"188":0,"189":2,"190":7,"191":7,"192":6,"193":4,"194":4,"195":4,"196":1,"197":2,"198":0,"199":2,"200":2,"201":4,"202":4,"203":3,"204":2,"205":1,"206":1,"207":0,"208":1,"209":2,"210":3,"211":3,"212":3,"213":3,"214":0,"215":0,"216":0,"217":0,"218":2,"219":4,"220":4,"221":3,"222":2,"223":2,"224":1,"225":1,"226":0,"227":1,"228":2,"229":4,"230":4,"231":3,"232":2,"233":2,"234":1,"235":1,"236":0,"237":1,"238":2,"239":4,"240":4,"241":3,"242":2,"243":2,"244":1,"245":1,"246":0,"247":1,"248":2,"249":2},"f":{"0":3,"1":3,"2":13,"3":36,"4":30,"5":0,"6":0,"7":0,"8":0,"9":0,"10":0,"11":0,"12":7,"13":4,"14":3,"15":4,"16":4,"17":4},"b":{"0":[2],"1":[5],"2":[1,12],"3":[0,1],"4":[36,36,0],"5":[1,29],"6":[23,6],"7":[29,29,29],"8":[6,6],"9":[0,0],"10":[0,0],"11":[0,0],"12":[0,0],"13":[0,0],"14":[0,0],"15":[0,0],"16":[0,0],"17":[0,0],"18":[0,0],"19":[0,0],"20":[0,0],"21":[0,0],"22":[0,0],"23":[0,0],"24":[0,0],"25":[0,0],"26":[0,0],"27":[0,0],"28":[0,0],"29":[0,0],"30":[0,0],"31":[0,0],"32":[0,0],"33":[0,0],"34":[0,0],"35":[0,0],"36":[0,0],"37":[0,0],"38":[0,0],"39":[0,0],"40":[0,0],"41":[0,0],"42":[0,0],"43":[0,0],"44":[0,0],"45":[0,0],"46":[0,0],"47":[0,0],"48":[0,0],"49":[0,0],"50":[0,0],"51":[0,0],"52":[0,0],"53":[0,0],"54":[0,0],"55":[0,0],"56":[0,0],"57":[0,0],"58":[6,1],"59":[4,0],"60":[0,2],"61":[3,1],"62":[0,1],"63":[3,0],"64":[0,0],"65":[3,1],"66":[0,1],"67":[3,1],"68":[0,1],"69":[3,1],"70":[0,1]},"_coverageSchema":"1a1c01bbd47fc00a2c39e90264f33305004495a9","hash":"a019314fdcb202969a96906308d637d67c35964e"}
}
