TN:
SF:src/components/features/EnhancedAnalyticsDashboard.jsx
FN:96,(anonymous_0)
FN:132,(anonymous_1)
FN:136,(anonymous_2)
FN:141,(anonymous_3)
FN:145,(anonymous_4)
FN:152,(anonymous_5)
FN:213,(anonymous_6)
FN:218,(anonymous_7)
FN:314,(anonymous_8)
FN:334,(anonymous_9)
FN:354,(anonymous_10)
FN:387,(anonymous_11)
FN:400,(anonymous_12)
FN:401,(anonymous_13)
FN:412,(anonymous_14)
FN:413,(anonymous_15)
FN:415,(anonymous_16)
FN:427,(anonymous_17)
FN:428,(anonymous_18)
FN:430,(anonymous_19)
FN:442,(anonymous_20)
FN:443,(anonymous_21)
FN:445,(anonymous_22)
FN:458,(anonymous_23)
FN:482,(anonymous_24)
FN:496,(anonymous_25)
FN:502,(anonymous_26)
FN:518,(anonymous_27)
FN:561,(anonymous_28)
FN:569,(anonymous_29)
FN:577,(anonymous_30)
FN:598,(anonymous_31)
FN:616,(anonymous_32)
FN:634,(anonymous_33)
FN:652,(anonymous_34)
FN:672,(anonymous_35)
FN:691,(anonymous_36)
FN:710,(anonymous_37)
FN:730,(anonymous_38)
FN:748,(anonymous_39)
FN:795,(anonymous_40)
FN:804,(anonymous_41)
FN:815,(anonymous_42)
FN:820,(anonymous_43)
FN:832,(anonymous_44)
FN:837,(anonymous_45)
FN:849,(anonymous_46)
FN:854,(anonymous_47)
FN:871,(anonymous_48)
FN:878,(anonymous_49)
FN:1062,(anonymous_50)
FN:1066,(anonymous_51)
FN:1070,(anonymous_52)
FN:1081,(anonymous_53)
FN:1085,(anonymous_54)
FN:1089,(anonymous_55)
FN:1107,(anonymous_56)
FN:1139,(anonymous_57)
FN:1181,(anonymous_58)
FN:1185,(anonymous_59)
FN:1200,(anonymous_60)
FN:1204,(anonymous_61)
FN:1208,(anonymous_62)
FN:1224,(anonymous_63)
FN:1259,(anonymous_64)
FNF:65
FNH:24
FNDA:85,(anonymous_0)
FNDA:38,(anonymous_1)
FNDA:38,(anonymous_2)
FNDA:38,(anonymous_3)
FNDA:74,(anonymous_4)
FNDA:40,(anonymous_5)
FNDA:40,(anonymous_6)
FNDA:273,(anonymous_7)
FNDA:0,(anonymous_8)
FNDA:0,(anonymous_9)
FNDA:0,(anonymous_10)
FNDA:2,(anonymous_11)
FNDA:0,(anonymous_12)
FNDA:0,(anonymous_13)
FNDA:0,(anonymous_14)
FNDA:0,(anonymous_15)
FNDA:0,(anonymous_16)
FNDA:0,(anonymous_17)
FNDA:0,(anonymous_18)
FNDA:0,(anonymous_19)
FNDA:0,(anonymous_20)
FNDA:0,(anonymous_21)
FNDA:0,(anonymous_22)
FNDA:3,(anonymous_23)
FNDA:1,(anonymous_24)
FNDA:1,(anonymous_25)
FNDA:0,(anonymous_26)
FNDA:360,(anonymous_27)
FNDA:0,(anonymous_28)
FNDA:0,(anonymous_29)
FNDA:0,(anonymous_30)
FNDA:0,(anonymous_31)
FNDA:1,(anonymous_32)
FNDA:0,(anonymous_33)
FNDA:1,(anonymous_34)
FNDA:1,(anonymous_35)
FNDA:0,(anonymous_36)
FNDA:0,(anonymous_37)
FNDA:0,(anonymous_38)
FNDA:0,(anonymous_39)
FNDA:0,(anonymous_40)
FNDA:0,(anonymous_41)
FNDA:162,(anonymous_42)
FNDA:0,(anonymous_43)
FNDA:486,(anonymous_44)
FNDA:0,(anonymous_45)
FNDA:405,(anonymous_46)
FNDA:0,(anonymous_47)
FNDA:0,(anonymous_48)
FNDA:0,(anonymous_49)
FNDA:2,(anonymous_50)
FNDA:1,(anonymous_51)
FNDA:0,(anonymous_52)
FNDA:0,(anonymous_53)
FNDA:1,(anonymous_54)
FNDA:0,(anonymous_55)
FNDA:225,(anonymous_56)
FNDA:0,(anonymous_57)
FNDA:0,(anonymous_58)
FNDA:0,(anonymous_59)
FNDA:0,(anonymous_60)
FNDA:0,(anonymous_61)
FNDA:0,(anonymous_62)
FNDA:0,(anonymous_63)
FNDA:1,(anonymous_64)
DA:96,1
DA:106,85
DA:108,85
DA:109,85
DA:110,85
DA:111,85
DA:112,85
DA:113,85
DA:116,85
DA:117,85
DA:120,85
DA:121,85
DA:122,85
DA:125,85
DA:128,85
DA:129,85
DA:132,85
DA:133,38
DA:136,85
DA:137,38
DA:141,85
DA:142,38
DA:143,1
DA:145,74
DA:152,85
DA:155,40
DA:157,40
DA:165,40
DA:166,0
DA:171,40
DA:173,40
DA:174,0
DA:213,85
DA:218,273
DA:224,40
DA:225,40
DA:233,40
DA:236,0
DA:237,0
DA:238,0
DA:239,0
DA:240,0
DA:242,0
DA:245,39
DA:246,273
DA:247,273
DA:248,273
DA:249,273
DA:251,39
DA:254,0
DA:255,0
DA:256,0
DA:257,0
DA:258,0
DA:260,0
DA:263,1
DA:264,0
DA:265,0
DA:266,0
DA:268,0
DA:269,0
DA:270,0
DA:271,0
DA:272,0
DA:275,1
DA:278,0
DA:279,0
DA:280,0
DA:281,0
DA:282,0
DA:287,40
DA:296,40
DA:303,40
DA:305,0
DA:306,0
DA:307,0
DA:308,0
DA:311,0
DA:314,0
DA:318,40
DA:320,0
DA:321,0
DA:322,0
DA:323,0
DA:326,0
DA:330,40
DA:333,0
DA:334,0
DA:340,40
DA:354,85
DA:358,0
DA:378,0
DA:387,85
DA:388,2
DA:389,2
DA:390,1
DA:400,85
DA:401,0
DA:412,85
DA:413,0
DA:414,0
DA:415,0
DA:417,0
DA:427,85
DA:428,0
DA:429,0
DA:430,0
DA:432,0
DA:442,85
DA:443,0
DA:444,0
DA:445,0
DA:447,0
DA:458,85
DA:459,3
DA:460,3
DA:466,3
DA:468,3
DA:469,0
DA:472,3
DA:482,85
DA:483,1
DA:496,1
DA:502,85
DA:503,0
DA:504,0
DA:505,0
DA:506,0
DA:507,0
DA:508,0
DA:509,0
DA:518,85
DA:519,360
DA:523,85
DA:524,4
DA:543,81
DA:561,0
DA:569,0
DA:577,0
DA:598,0
DA:616,1
DA:634,0
DA:652,1
DA:672,1
DA:691,0
DA:710,0
DA:730,0
DA:748,0
DA:795,0
DA:804,0
DA:816,162
DA:820,0
DA:833,486
DA:837,0
DA:850,405
DA:854,0
DA:871,0
DA:878,0
DA:1062,2
DA:1066,1
DA:1070,0
DA:1081,0
DA:1085,1
DA:1089,0
DA:1108,225
DA:1140,0
DA:1181,0
DA:1185,0
DA:1200,0
DA:1204,0
DA:1208,0
DA:1225,0
DA:1259,1
LF:173
LH:84
BRDA:97,0,0,0
BRDA:98,1,0,0
BRDA:99,2,0,85
BRDA:100,3,0,0
BRDA:101,4,0,2
BRDA:106,5,0,0
BRDA:106,5,1,85
BRDA:142,6,0,1
BRDA:142,6,1,37
BRDA:142,7,0,38
BRDA:142,7,1,38
BRDA:165,8,0,0
BRDA:165,8,1,40
BRDA:173,9,0,0
BRDA:173,9,1,40
BRDA:233,10,0,0
BRDA:233,10,1,39
BRDA:233,10,2,0
BRDA:233,10,3,1
BRDA:233,10,4,0
BRDA:263,11,0,0
BRDA:263,11,1,1
BRDA:263,12,0,1
BRDA:263,12,1,0
BRDA:303,13,0,0
BRDA:303,13,1,40
BRDA:303,14,0,40
BRDA:303,14,1,40
BRDA:307,15,0,0
BRDA:307,15,1,0
BRDA:318,16,0,0
BRDA:318,16,1,40
BRDA:318,17,0,40
BRDA:318,17,1,40
BRDA:322,18,0,0
BRDA:322,18,1,0
BRDA:330,19,0,0
BRDA:330,19,1,40
BRDA:330,20,0,40
BRDA:330,20,1,40
BRDA:389,21,0,1
BRDA:389,21,1,1
BRDA:414,22,0,0
BRDA:414,22,1,0
BRDA:429,23,0,0
BRDA:429,23,1,0
BRDA:444,24,0,0
BRDA:444,24,1,0
BRDA:468,25,0,0
BRDA:468,25,1,3
BRDA:519,26,0,360
BRDA:519,26,1,0
BRDA:523,27,0,4
BRDA:523,27,1,81
BRDA:523,28,0,85
BRDA:523,28,1,83
BRDA:525,29,0,0
BRDA:525,29,1,4
BRDA:544,30,0,2
BRDA:544,30,1,79
BRDA:562,31,0,81
BRDA:562,31,1,0
BRDA:570,32,0,0
BRDA:570,32,1,81
BRDA:578,33,0,0
BRDA:578,33,1,81
BRDA:599,34,0,0
BRDA:599,34,1,81
BRDA:617,35,0,79
BRDA:617,35,1,2
BRDA:635,36,0,0
BRDA:635,36,1,81
BRDA:653,37,0,2
BRDA:653,37,1,79
BRDA:728,38,0,0
BRDA:728,38,1,81
BRDA:751,39,0,0
BRDA:751,39,1,81
BRDA:788,40,0,81
BRDA:788,40,1,2
BRDA:796,41,0,2
BRDA:796,41,1,2
BRDA:805,42,0,2
BRDA:805,42,1,2
BRDA:818,43,0,0
BRDA:818,43,1,162
BRDA:835,44,0,0
BRDA:835,44,1,486
BRDA:852,45,0,0
BRDA:852,45,1,405
BRDA:864,46,0,81
BRDA:864,46,1,0
BRDA:869,47,0,0
BRDA:869,47,1,0
BRDA:876,48,0,0
BRDA:876,48,1,0
BRDA:890,49,0,81
BRDA:890,49,1,81
BRDA:897,50,0,45
BRDA:897,50,1,36
BRDA:899,51,0,81
BRDA:899,51,1,0
BRDA:899,51,2,0
BRDA:902,52,0,0
BRDA:902,52,1,0
BRDA:903,53,0,0
BRDA:903,53,1,0
BRDA:922,54,0,45
BRDA:922,54,1,36
BRDA:924,55,0,81
BRDA:924,55,1,0
BRDA:924,55,2,0
BRDA:927,56,0,0
BRDA:927,56,1,0
BRDA:928,57,0,0
BRDA:928,57,1,0
BRDA:947,58,0,45
BRDA:947,58,1,36
BRDA:949,59,0,81
BRDA:949,59,1,0
BRDA:949,59,2,0
BRDA:952,60,0,0
BRDA:952,60,1,0
BRDA:953,61,0,0
BRDA:953,61,1,0
BRDA:1020,62,0,81
BRDA:1020,62,1,0
BRDA:1026,63,0,81
BRDA:1026,63,1,0
BRDA:1030,64,0,81
BRDA:1030,64,1,0
BRDA:1034,65,0,81
BRDA:1034,65,1,0
BRDA:1107,66,0,81
BRDA:1107,66,1,45
BRDA:1107,66,2,45
BRDA:1124,67,0,81
BRDA:1124,67,1,0
BRDA:1139,68,0,0
BRDA:1139,68,1,0
BRDA:1139,68,2,0
BRDA:1171,69,0,81
BRDA:1171,69,1,0
BRDA:1222,70,0,0
BRDA:1222,70,1,0
BRDA:1264,71,0,0
BRDA:1264,71,1,81
BRDA:1265,72,0,0
BRDA:1265,72,1,81
BRDA:1266,73,0,0
BRDA:1266,73,1,81
BRDA:1267,74,0,2
BRDA:1267,74,1,79
BRF:153
BRH:79
end_of_record
TN:
SF:src/components/features/MetricCard.jsx
FN:5,(anonymous_0)
FNF:1
FNH:1
FNDA:384,(anonymous_0)
DA:5,1
DA:17,384
DA:44,384
DA:45,384
DA:48,384
DA:49,384
DA:87,0
LF:7
LH:6
BRDA:12,0,0,0
BRDA:14,1,0,384
BRDA:44,2,0,384
BRDA:44,2,1,0
BRDA:45,3,0,192
BRDA:45,3,1,192
BRDA:48,4,0,384
BRDA:48,4,1,0
BRDA:48,5,0,384
BRDA:48,5,1,384
BRDA:53,6,0,384
BRDA:53,6,1,288
BRDA:55,7,0,384
BRDA:55,7,1,288
BRDA:56,8,0,96
BRDA:56,8,1,192
BRDA:56,9,0,100
BRDA:56,9,1,92
BRDA:57,10,0,96
BRDA:57,10,1,192
BRDA:59,11,0,100
BRDA:59,11,1,92
BRDA:70,12,0,384
BRDA:70,12,1,384
BRDA:73,13,0,384
BRDA:73,13,1,192
BRDA:93,14,0,0
BRDA:93,14,1,0
BRDA:97,15,0,0
BRDA:97,15,1,0
BRDA:102,16,0,0
BRDA:102,16,1,0
BRDA:103,17,0,0
BRDA:103,17,1,0
BRF:34
BRH:23
end_of_record
TN:
SF:src/components/features/MetricsPanel.jsx
FN:23,PerformanceStatus
FN:65,(anonymous_1)
FN:69,(anonymous_2)
FN:70,(anonymous_3)
FN:71,(anonymous_4)
FN:88,(anonymous_5)
FN:104,(anonymous_6)
FN:125,(anonymous_7)
FN:251,(anonymous_8)
FNF:9
FNH:8
FNDA:48,PerformanceStatus
FNDA:48,(anonymous_1)
FNDA:47,(anonymous_2)
FNDA:0,(anonymous_3)
FNDA:47,(anonymous_4)
FNDA:48,(anonymous_5)
FNDA:384,(anonymous_6)
FNDA:768,(anonymous_7)
FNDA:144,(anonymous_8)
DA:24,48
DA:51,48
DA:52,48
DA:54,48
DA:65,1
DA:66,48
DA:69,48
DA:70,47
DA:71,47
DA:75,48
DA:88,48
DA:89,48
DA:91,48
DA:92,0
DA:94,48
DA:95,0
DA:97,48
DA:98,2
DA:100,46
DA:104,48
DA:105,384
DA:107,246
DA:109,48
DA:111,100
DA:113,0
DA:114,0
DA:115,0
DA:116,0
DA:118,2
DA:120,96
DA:125,48
DA:126,768
DA:127,768
DA:133,48
DA:136,48
DA:252,144
DA:256,144
DA:257,144
DA:258,144
DA:259,48
DA:260,48
DA:261,96
DA:262,48
DA:263,48
DA:265,48
DA:266,48
DA:269,144
LF:47
LH:41
BRDA:51,0,0,48
BRDA:51,0,1,0
BRDA:57,1,0,48
BRDA:57,1,1,48
BRDA:65,2,0,0
BRDA:65,3,0,48
BRDA:91,4,0,0
BRDA:91,4,1,48
BRDA:91,5,0,48
BRDA:91,5,1,48
BRDA:91,5,2,48
BRDA:91,5,3,48
BRDA:94,6,0,0
BRDA:94,6,1,48
BRDA:94,7,0,48
BRDA:94,7,1,48
BRDA:94,7,2,48
BRDA:94,7,3,48
BRDA:97,8,0,2
BRDA:97,8,1,46
BRDA:97,9,0,48
BRDA:97,9,1,48
BRDA:97,9,2,48
BRDA:97,9,3,2
BRDA:105,10,0,138
BRDA:105,10,1,246
BRDA:107,11,0,48
BRDA:107,11,1,100
BRDA:107,11,2,0
BRDA:107,11,3,2
BRDA:107,11,4,96
BRDA:109,12,0,48
BRDA:109,12,1,0
BRDA:113,13,0,0
BRDA:113,13,1,0
BRDA:114,14,0,0
BRDA:114,14,1,0
BRDA:115,15,0,0
BRDA:115,15,1,0
BRDA:118,16,0,0
BRDA:118,16,1,2
BRDA:120,17,0,0
BRDA:120,17,1,96
BRDA:125,18,0,0
BRDA:128,19,0,0
BRDA:128,19,1,768
BRDA:128,20,0,538
BRDA:128,20,1,230
BRDA:137,21,0,0
BRDA:137,21,1,48
BRDA:139,22,0,1
BRDA:139,22,1,47
BRDA:142,23,0,1
BRDA:142,23,1,47
BRDA:146,24,0,1
BRDA:146,24,1,47
BRDA:149,25,0,1
BRDA:149,25,1,47
BRDA:172,26,0,0
BRDA:172,26,1,48
BRDA:173,27,0,0
BRDA:173,27,1,48
BRDA:192,28,0,0
BRDA:192,28,1,48
BRDA:193,29,0,0
BRDA:193,29,1,48
BRDA:206,30,0,0
BRDA:206,30,1,48
BRDA:215,31,0,0
BRDA:215,31,1,48
BRDA:241,32,0,1
BRDA:241,32,1,47
BRDA:241,33,0,1
BRDA:241,33,1,47
BRDA:242,34,0,1
BRDA:242,34,1,47
BRDA:249,35,0,2
BRDA:249,35,1,46
BRDA:249,36,0,46
BRDA:249,36,1,0
BRDA:249,37,0,0
BRDA:249,37,1,0
BRDA:252,38,0,48
BRDA:252,38,1,96
BRDA:258,39,0,48
BRDA:258,39,1,96
BRDA:259,40,0,48
BRDA:259,40,1,0
BRDA:259,41,0,0
BRDA:259,41,1,0
BRDA:260,42,0,48
BRDA:260,42,1,0
BRDA:260,43,0,1
BRDA:260,43,1,47
BRDA:260,44,0,0
BRDA:260,44,1,0
BRDA:260,45,0,0
BRDA:260,45,1,0
BRDA:260,46,0,0
BRDA:260,46,1,0
BRDA:261,47,0,48
BRDA:261,47,1,48
BRDA:263,48,0,2
BRDA:263,48,1,46
BRDA:263,49,0,0
BRDA:263,49,1,2
BRDA:263,50,0,46
BRDA:263,50,1,0
BRDA:263,51,0,1
BRDA:263,51,1,45
BRDA:263,52,0,0
BRDA:263,52,1,0
BRDA:263,53,0,0
BRDA:263,53,1,0
BRDA:263,54,0,0
BRDA:263,54,1,0
BRDA:265,55,0,0
BRDA:265,55,1,48
BRDA:265,56,0,0
BRDA:265,56,1,48
BRDA:266,57,0,0
BRDA:266,57,1,48
BRDA:266,58,0,0
BRDA:266,58,1,0
BRDA:266,59,0,0
BRDA:266,59,1,48
BRDA:266,60,0,0
BRDA:266,60,1,0
BRDA:266,61,0,1
BRDA:266,61,1,47
BRDA:271,62,0,3
BRDA:271,62,1,141
BRF:132
BRH:80
end_of_record
TN:
SF:src/components/features/SettingsPanel.jsx
FN:58,(anonymous_0)
FN:61,(anonymous_1)
FN:62,(anonymous_2)
FN:64,(anonymous_3)
FN:108,(anonymous_4)
FN:113,(anonymous_5)
FN:120,(anonymous_6)
FN:141,(anonymous_7)
FN:147,(anonymous_8)
FN:162,(anonymous_9)
FN:177,(anonymous_10)
FN:202,(anonymous_11)
FN:280,(anonymous_12)
FN:294,(anonymous_13)
FN:328,(anonymous_14)
FN:364,(anonymous_15)
FN:391,(anonymous_16)
FNF:17
FNH:14
FNDA:24,(anonymous_0)
FNDA:0,(anonymous_1)
FNDA:0,(anonymous_2)
FNDA:0,(anonymous_3)
FNDA:108,(anonymous_4)
FNDA:3,(anonymous_5)
FNDA:2,(anonymous_6)
FNDA:1,(anonymous_7)
FNDA:3,(anonymous_8)
FNDA:108,(anonymous_9)
FNDA:184,(anonymous_10)
FNDA:1,(anonymous_11)
FNDA:69,(anonymous_12)
FNDA:184,(anonymous_13)
FNDA:115,(anonymous_14)
FNDA:2,(anonymous_15)
FNDA:3,(anonymous_16)
DA:58,1
DA:68,24
DA:69,24
DA:70,24
DA:73,24
DA:105,24
DA:108,24
DA:109,108
DA:113,24
DA:114,3
DA:115,3
DA:116,3
DA:120,24
DA:122,2
DA:124,2
DA:125,1
DA:126,1
DA:129,1
DA:130,0
DA:131,0
DA:135,1
DA:136,1
DA:137,1
DA:141,24
DA:142,1
DA:143,1
DA:147,24
DA:148,3
DA:149,3
DA:151,3
DA:153,3
DA:155,1
DA:157,2
DA:162,24
DA:163,108
DA:164,108
DA:165,0
DA:169,108
DA:170,23
DA:173,85
DA:177,24
DA:178,184
DA:180,184
DA:202,1
DA:211,24
DA:212,1
DA:231,23
DA:281,69
DA:295,184
DA:329,115
DA:364,2
DA:391,3
LF:52
LH:49
BRDA:59,0,0,0
BRDA:60,1,0,0
BRDA:61,2,0,1
BRDA:62,3,0,1
BRDA:63,4,0,1
BRDA:64,5,0,1
BRDA:65,6,0,1
BRDA:105,7,0,23
BRDA:105,7,1,1
BRDA:109,8,0,108
BRDA:109,8,1,0
BRDA:115,9,0,3
BRDA:115,9,1,0
BRDA:124,10,0,1
BRDA:124,10,1,1
BRDA:129,11,0,0
BRDA:129,11,1,1
BRDA:153,12,0,1
BRDA:153,12,1,2
BRDA:153,13,0,3
BRDA:153,13,1,3
BRDA:153,13,2,1
BRDA:164,14,0,0
BRDA:164,14,1,108
BRDA:169,15,0,23
BRDA:169,15,1,85
BRDA:178,16,0,184
BRDA:178,16,1,69
BRDA:186,17,0,184
BRDA:186,17,1,69
BRDA:211,18,0,1
BRDA:211,18,1,23
BRDA:211,19,0,24
BRDA:211,19,1,1
BRDA:244,20,0,3
BRDA:244,20,1,20
BRDA:246,21,0,3
BRDA:246,21,1,20
BRDA:258,22,0,23
BRDA:258,22,1,23
BRDA:258,22,2,23
BRDA:306,23,0,23
BRDA:306,23,1,23
BRDA:306,23,2,23
BRDA:332,24,0,7
BRDA:332,24,1,108
BRDA:333,25,0,92
BRDA:333,25,1,23
BRDA:336,26,0,23
BRDA:336,26,1,92
BRDA:345,27,0,7
BRDA:345,27,1,108
BRDA:350,28,0,2
BRDA:350,28,1,5
BRDA:357,29,0,7
BRDA:357,29,1,2
BRF:56
BRH:50
end_of_record
TN:
SF:src/dashboard/lib/enhancedDashboardApi.js
FN:33,(anonymous_0)
FN:33,(anonymous_1)
FN:41,(anonymous_2)
FN:77,(anonymous_3)
FN:132,(anonymous_4)
FN:176,(anonymous_5)
FN:179,(anonymous_6)
FN:195,(anonymous_7)
FN:212,(anonymous_8)
FN:231,(anonymous_9)
FN:241,(anonymous_10)
FN:298,refreshData
FN:361,fetchDataFromMcp
FN:404,updateSelectedModel
FN:448,updateSetting
FN:492,updateTokenBudget
FN:538,addEventListener
FN:552,removeEventListener
FN:567,cleanup
FN:576,(anonymous_19)
FN:596,initialize
FN:639,(anonymous_21)
FN:640,(anonymous_22)
FNF:23
FNH:19
FNDA:1,(anonymous_0)
FNDA:1,(anonymous_1)
FNDA:18,(anonymous_2)
FNDA:1,(anonymous_3)
FNDA:3,(anonymous_4)
FNDA:1,(anonymous_5)
FNDA:0,(anonymous_6)
FNDA:1,(anonymous_7)
FNDA:0,(anonymous_8)
FNDA:9,(anonymous_9)
FNDA:2,(anonymous_10)
FNDA:3,refreshData
FNDA:1,fetchDataFromMcp
FNDA:1,updateSelectedModel
FNDA:1,updateSetting
FNDA:1,updateTokenBudget
FNDA:2,addEventListener
FNDA:2,removeEventListener
FNDA:1,cleanup
FNDA:3,(anonymous_19)
FNDA:1,initialize
FNDA:0,(anonymous_21)
FNDA:0,(anonymous_22)
DA:22,1
DA:25,1
DA:33,1
DA:41,1
DA:42,18
DA:43,18
DA:48,0
DA:49,0
DA:77,1
DA:84,1
DA:85,1
DA:89,0
DA:92,0
DA:93,0
DA:94,0
DA:97,0
DA:103,0
DA:107,0
DA:110,0
DA:112,0
DA:118,0
DA:132,1
DA:134,3
DA:135,1
DA:139,2
DA:142,2
DA:143,2
DA:144,2
DA:147,2
DA:149,0
DA:153,0
DA:156,0
DA:158,0
DA:164,0
DA:176,1
DA:177,1
DA:178,1
DA:179,1
DA:183,0
DA:195,1
DA:196,1
DA:197,1
DA:201,0
DA:202,0
DA:206,0
DA:209,0
DA:211,0
DA:213,0
DA:214,0
DA:215,0
DA:217,0
DA:218,0
DA:223,0
DA:231,1
DA:232,9
DA:241,1
DA:242,2
DA:243,1
DA:244,1
DA:247,1
DA:248,1
DA:249,1
DA:250,1
DA:252,0
DA:253,0
DA:258,1
DA:265,1
DA:266,1
DA:267,1
DA:270,1
DA:299,3
DA:301,3
DA:303,3
DA:304,0
DA:305,0
DA:309,3
DA:311,3
DA:312,3
DA:313,1
DA:314,1
DA:316,1
DA:318,0
DA:320,0
DA:323,2
DA:324,2
DA:328,3
DA:329,3
DA:332,3
DA:333,0
DA:336,3
DA:338,0
DA:341,0
DA:342,0
DA:346,0
DA:347,0
DA:350,0
DA:362,1
DA:365,1
DA:366,1
DA:369,1
DA:370,0
DA:371,0
DA:374,1
DA:376,0
DA:377,0
DA:405,1
DA:407,1
DA:408,1
DA:409,0
DA:411,0
DA:413,0
DA:415,0
DA:419,1
DA:423,1
DA:424,1
DA:427,1
DA:429,0
DA:432,0
DA:433,0
DA:436,0
DA:449,1
DA:451,1
DA:452,1
DA:453,0
DA:455,0
DA:457,0
DA:459,0
DA:463,1
DA:467,1
DA:468,1
DA:471,1
DA:473,0
DA:476,0
DA:477,0
DA:480,0
DA:493,1
DA:495,1
DA:496,1
DA:497,0
DA:499,0
DA:501,0
DA:503,0
DA:507,1
DA:511,1
DA:512,0
DA:513,0
DA:515,0
DA:519,1
DA:521,0
DA:524,0
DA:525,0
DA:528,0
DA:539,2
DA:540,1
DA:542,1
DA:553,2
DA:554,1
DA:555,1
DA:556,1
DA:559,1
DA:568,1
DA:570,1
DA:571,0
DA:572,0
DA:576,1
DA:577,3
DA:581,1
DA:584,1
DA:585,0
DA:597,1
DA:599,1
DA:600,1
DA:603,1
DA:604,1
DA:605,1
DA:608,1
DA:610,0
DA:615,1
DA:616,1
DA:619,1
DA:620,1
DA:622,1
DA:623,1
DA:624,1
DA:626,1
DA:627,1
DA:630,0
DA:631,0
DA:636,1
DA:637,0
DA:638,0
DA:639,0
DA:640,0
DA:641,0
DA:642,0
DA:643,0
DA:648,1
DA:652,1
DA:653,1
DA:654,1
DA:656,0
DA:657,0
DA:658,0
DA:663,1
DA:668,1
DA:669,0
DA:672,1
LF:207
LH:117
BRDA:43,0,0,18
BRDA:43,0,1,18
BRDA:43,0,2,8
BRDA:43,0,3,8
BRDA:81,1,0,1
BRDA:84,2,0,1
BRDA:84,2,1,0
BRDA:89,3,0,0
BRDA:89,3,1,0
BRDA:110,4,0,0
BRDA:110,4,1,0
BRDA:119,5,0,0
BRDA:119,5,1,0
BRDA:132,6,0,2
BRDA:134,7,0,1
BRDA:134,7,1,2
BRDA:139,8,0,2
BRDA:139,8,1,1
BRDA:156,9,0,0
BRDA:156,9,1,0
BRDA:165,10,0,0
BRDA:165,10,1,0
BRDA:177,11,0,1
BRDA:177,11,1,0
BRDA:195,12,0,1
BRDA:196,13,0,1
BRDA:196,13,1,0
BRDA:201,14,0,0
BRDA:201,14,1,0
BRDA:215,15,0,0
BRDA:215,15,1,0
BRDA:215,16,0,0
BRDA:215,16,1,0
BRDA:241,17,0,1
BRDA:242,18,0,1
BRDA:242,18,1,1
BRDA:242,19,0,2
BRDA:242,19,1,2
BRDA:298,20,0,2
BRDA:303,21,0,0
BRDA:303,21,1,3
BRDA:303,22,0,3
BRDA:303,22,1,2
BRDA:303,22,2,0
BRDA:309,23,0,3
BRDA:309,23,1,2
BRDA:312,24,0,1
BRDA:312,24,1,2
BRDA:346,25,0,0
BRDA:346,25,1,0
BRDA:366,26,0,1
BRDA:366,26,1,0
BRDA:366,27,0,1
BRDA:366,27,1,1
BRDA:369,28,0,0
BRDA:369,28,1,1
BRDA:369,29,0,1
BRDA:369,29,1,1
BRDA:369,29,2,1
BRDA:408,30,0,0
BRDA:408,30,1,1
BRDA:423,31,0,1
BRDA:423,31,1,0
BRDA:423,32,0,1
BRDA:423,32,1,1
BRDA:452,33,0,0
BRDA:452,33,1,1
BRDA:467,34,0,1
BRDA:467,34,1,0
BRDA:467,35,0,1
BRDA:467,35,1,1
BRDA:496,36,0,0
BRDA:496,36,1,1
BRDA:511,37,0,0
BRDA:511,37,1,1
BRDA:511,38,0,1
BRDA:511,38,1,1
BRDA:511,38,2,1
BRDA:512,39,0,0
BRDA:512,39,1,0
BRDA:539,40,0,1
BRDA:539,40,1,1
BRDA:553,41,0,1
BRDA:553,41,1,1
BRDA:555,42,0,1
BRDA:555,42,1,0
BRDA:570,43,0,0
BRDA:570,43,1,1
BRDA:584,44,0,0
BRDA:584,44,1,1
BRDA:584,45,0,1
BRDA:584,45,1,1
BRDA:596,46,0,0
BRDA:603,47,0,1
BRDA:603,47,1,0
BRDA:603,48,0,1
BRDA:603,48,1,1
BRDA:619,49,0,1
BRDA:619,49,1,0
BRDA:623,50,0,1
BRDA:623,50,1,1
BRDA:626,51,0,1
BRDA:626,51,1,0
BRDA:636,52,0,0
BRDA:636,52,1,1
BRDA:664,53,0,1
BRDA:664,53,1,1
BRDA:665,54,0,1
BRDA:665,54,1,1
BRDA:666,55,0,1
BRDA:666,55,1,1
BRF:111
BRH:70
end_of_record
