TN:
SF:src/components/features/ModelPerformanceComparison.jsx
FN:55,(anonymous_0)
FN:81,(anonymous_1)
FN:129,(anonymous_2)
FN:168,(anonymous_3)
FN:190,(anonymous_4)
FN:193,(anonymous_5)
FN:236,(anonymous_6)
FN:237,(anonymous_7)
FN:246,(anonymous_8)
FN:247,(anonymous_9)
FN:248,(anonymous_10)
FN:249,(anonymous_11)
FN:250,(anonymous_12)
FN:251,(anonymous_13)
FN:254,(anonymous_14)
FN:260,(anonymous_15)
FN:263,(anonymous_16)
FN:265,(anonymous_17)
FN:269,(anonymous_18)
FN:281,(anonymous_19)
FN:302,(anonymous_20)
FN:304,(anonymous_21)
FN:314,(anonymous_22)
FN:317,(anonymous_23)
FN:344,(anonymous_24)
FN:347,(anonymous_25)
FN:350,(anonymous_26)
FN:359,(anonymous_27)
FN:364,(anonymous_28)
FN:367,(anonymous_29)
FN:375,(anonymous_30)
FN:385,(anonymous_31)
FN:390,(anonymous_32)
FN:450,(anonymous_33)
FN:468,(anonymous_34)
FN:486,(anonymous_35)
FN:504,(anonymous_36)
FN:575,(anonymous_37)
FN:578,(anonymous_38)
FN:588,(anonymous_39)
FN:591,(anonymous_40)
FN:601,(anonymous_41)
FN:604,(anonymous_42)
FN:621,(anonymous_43)
FN:634,(anonymous_44)
FN:647,(anonymous_45)
FN:668,(anonymous_46)
FN:671,(anonymous_47)
FN:705,(anonymous_48)
FN:737,(anonymous_49)
FN:750,(anonymous_50)
FN:764,(anonymous_51)
FN:784,(anonymous_52)
FN:834,(anonymous_53)
FN:842,(anonymous_54)
FN:850,(anonymous_55)
FN:885,(anonymous_56)
FN:893,(anonymous_57)
FN:901,(anonymous_58)
FN:919,(anonymous_59)
FN:932,(anonymous_60)
FN:958,(anonymous_61)
FN:967,(anonymous_62)
FN:978,(anonymous_63)
FN:980,(anonymous_64)
FN:982,(anonymous_65)
FN:983,(anonymous_66)
FN:1002,(anonymous_67)
FN:1035,(anonymous_68)
FN:1045,(anonymous_69)
FN:1053,(anonymous_70)
FN:1061,(anonymous_71)
FN:1064,(anonymous_72)
FNF:73
FNH:23
FNDA:65,(anonymous_0)
FNDA:59,(anonymous_1)
FNDA:59,(anonymous_2)
FNDA:59,(anonymous_3)
FNDA:59,(anonymous_4)
FNDA:218,(anonymous_5)
FNDA:59,(anonymous_6)
FNDA:218,(anonymous_7)
FNDA:59,(anonymous_8)
FNDA:218,(anonymous_9)
FNDA:59,(anonymous_10)
FNDA:218,(anonymous_11)
FNDA:59,(anonymous_12)
FNDA:218,(anonymous_13)
FNDA:59,(anonymous_14)
FNDA:60,(anonymous_15)
FNDA:0,(anonymous_16)
FNDA:0,(anonymous_17)
FNDA:0,(anonymous_18)
FNDA:0,(anonymous_19)
FNDA:0,(anonymous_20)
FNDA:0,(anonymous_21)
FNDA:0,(anonymous_22)
FNDA:0,(anonymous_23)
FNDA:0,(anonymous_24)
FNDA:0,(anonymous_25)
FNDA:0,(anonymous_26)
FNDA:0,(anonymous_27)
FNDA:2,(anonymous_28)
FNDA:2,(anonymous_29)
FNDA:1,(anonymous_30)
FNDA:0,(anonymous_31)
FNDA:0,(anonymous_32)
FNDA:0,(anonymous_33)
FNDA:2,(anonymous_34)
FNDA:0,(anonymous_35)
FNDA:0,(anonymous_36)
FNDA:0,(anonymous_37)
FNDA:0,(anonymous_38)
FNDA:0,(anonymous_39)
FNDA:0,(anonymous_40)
FNDA:0,(anonymous_41)
FNDA:0,(anonymous_42)
FNDA:1,(anonymous_43)
FNDA:0,(anonymous_44)
FNDA:0,(anonymous_45)
FNDA:236,(anonymous_46)
FNDA:0,(anonymous_47)
FNDA:558,(anonymous_48)
FNDA:0,(anonymous_49)
FNDA:0,(anonymous_50)
FNDA:0,(anonymous_51)
FNDA:0,(anonymous_52)
FNDA:0,(anonymous_53)
FNDA:0,(anonymous_54)
FNDA:0,(anonymous_55)
FNDA:0,(anonymous_56)
FNDA:0,(anonymous_57)
FNDA:0,(anonymous_58)
FNDA:0,(anonymous_59)
FNDA:0,(anonymous_60)
FNDA:0,(anonymous_61)
FNDA:0,(anonymous_62)
FNDA:0,(anonymous_63)
FNDA:0,(anonymous_64)
FNDA:0,(anonymous_65)
FNDA:0,(anonymous_66)
FNDA:0,(anonymous_67)
FNDA:0,(anonymous_68)
FNDA:0,(anonymous_69)
FNDA:0,(anonymous_70)
FNDA:0,(anonymous_71)
FNDA:0,(anonymous_72)
DA:55,1
DA:65,65
DA:66,65
DA:67,65
DA:68,65
DA:69,65
DA:70,65
DA:71,65
DA:72,65
DA:73,65
DA:76,65
DA:77,65
DA:78,65
DA:81,65
DA:129,65
DA:168,65
DA:190,65
DA:191,59
DA:193,57
DA:194,218
DA:195,218
DA:197,218
DA:236,65
DA:237,59
DA:238,218
DA:239,218
DA:240,218
DA:241,218
DA:246,65
DA:247,218
DA:248,65
DA:249,218
DA:250,65
DA:251,218
DA:254,65
DA:255,59
DA:256,59
DA:260,65
DA:261,60
DA:263,0
DA:265,0
DA:266,0
DA:267,0
DA:269,0
DA:270,0
DA:272,0
DA:273,0
DA:275,0
DA:281,65
DA:282,0
DA:284,0
DA:286,0
DA:288,0
DA:290,0
DA:293,0
DA:294,0
DA:295,0
DA:297,0
DA:302,65
DA:303,0
DA:304,0
DA:309,0
DA:310,0
DA:314,65
DA:315,0
DA:317,0
DA:318,0
DA:320,0
DA:322,0
DA:324,0
DA:326,0
DA:327,0
DA:329,0
DA:331,0
DA:333,0
DA:335,0
DA:337,0
DA:339,0
DA:344,65
DA:345,0
DA:347,0
DA:348,0
DA:350,0
DA:351,0
DA:352,0
DA:354,0
DA:359,65
DA:360,0
DA:364,65
DA:365,2
DA:366,2
DA:367,2
DA:368,0
DA:370,0
DA:375,65
DA:376,1
DA:377,1
DA:379,0
DA:380,0
DA:385,65
DA:386,0
DA:390,65
DA:391,0
DA:397,0
DA:398,0
DA:399,0
DA:400,0
DA:401,0
DA:402,0
DA:403,0
DA:407,65
DA:408,2
DA:429,63
DA:450,0
DA:468,2
DA:486,0
DA:504,0
DA:575,0
DA:579,0
DA:588,0
DA:592,0
DA:601,0
DA:605,0
DA:621,1
DA:634,0
DA:647,0
DA:669,236
DA:671,0
DA:706,558
DA:738,0
DA:751,0
DA:764,0
DA:785,0
DA:786,0
DA:788,0
DA:835,0
DA:843,0
DA:851,0
DA:852,0
DA:854,0
DA:886,0
DA:894,0
DA:902,0
DA:904,0
DA:920,0
DA:933,0
DA:959,0
DA:968,0
DA:979,0
DA:980,0
DA:981,0
DA:982,0
DA:983,0
DA:986,0
DA:1002,0
DA:1036,0
DA:1046,0
DA:1054,0
DA:1062,0
DA:1065,0
LF:160
LH:60
BRDA:56,0,0,0
BRDA:57,1,0,0
BRDA:58,2,0,0
BRDA:62,3,0,1
BRDA:191,4,0,2
BRDA:191,4,1,57
BRDA:191,5,0,59
BRDA:191,5,1,58
BRDA:194,6,0,218
BRDA:194,6,1,52
BRDA:195,7,0,218
BRDA:195,7,1,50
BRDA:200,8,0,218
BRDA:200,8,1,0
BRDA:201,9,0,218
BRDA:201,9,1,0
BRDA:202,10,0,218
BRDA:202,10,1,0
BRDA:203,11,0,218
BRDA:203,11,1,50
BRDA:204,12,0,218
BRDA:204,12,1,50
BRDA:205,13,0,218
BRDA:205,13,1,50
BRDA:209,14,0,218
BRDA:209,14,1,52
BRDA:210,15,0,218
BRDA:210,15,1,53
BRDA:211,16,0,218
BRDA:211,16,1,53
BRDA:212,17,0,218
BRDA:212,17,1,53
BRDA:213,18,0,218
BRDA:213,18,1,53
BRDA:214,19,0,218
BRDA:214,19,1,53
BRDA:214,19,2,0
BRDA:215,20,0,218
BRDA:215,20,1,53
BRDA:225,21,0,218
BRDA:225,21,1,218
BRDA:225,21,2,53
BRDA:226,22,0,218
BRDA:226,22,1,218
BRDA:226,22,2,53
BRDA:227,23,0,218
BRDA:227,23,1,218
BRDA:227,23,2,53
BRDA:228,24,0,218
BRDA:228,24,1,50
BRDA:229,25,0,218
BRDA:229,25,1,50
BRDA:238,26,0,0
BRDA:238,26,1,218
BRDA:238,27,0,218
BRDA:238,27,1,0
BRDA:239,28,0,0
BRDA:239,28,1,218
BRDA:239,29,0,218
BRDA:239,29,1,0
BRDA:240,30,0,0
BRDA:240,30,1,218
BRDA:240,31,0,218
BRDA:240,31,1,0
BRDA:256,32,0,0
BRDA:256,32,1,59
BRDA:261,33,0,60
BRDA:261,33,1,0
BRDA:270,34,0,0
BRDA:270,34,1,0
BRDA:272,35,0,0
BRDA:272,35,1,0
BRDA:282,36,0,0
BRDA:282,36,1,0
BRDA:282,36,2,0
BRDA:282,36,3,0
BRDA:282,36,4,0
BRDA:282,36,5,0
BRDA:284,37,0,0
BRDA:284,37,1,0
BRDA:286,38,0,0
BRDA:286,38,1,0
BRDA:288,39,0,0
BRDA:288,39,1,0
BRDA:290,40,0,0
BRDA:290,40,1,0
BRDA:293,41,0,0
BRDA:293,41,1,0
BRDA:294,42,0,0
BRDA:294,42,1,0
BRDA:297,43,0,0
BRDA:297,43,1,0
BRDA:303,44,0,0
BRDA:303,44,1,0
BRDA:305,45,0,0
BRDA:305,45,1,0
BRDA:315,46,0,0
BRDA:315,46,1,0
BRDA:315,47,0,0
BRDA:315,47,1,0
BRDA:318,48,0,0
BRDA:318,48,1,0
BRDA:320,49,0,0
BRDA:320,49,1,0
BRDA:320,49,2,0
BRDA:320,49,3,0
BRDA:320,49,4,0
BRDA:320,49,5,0
BRDA:320,49,6,0
BRDA:320,49,7,0
BRDA:326,50,0,0
BRDA:326,50,1,0
BRDA:329,51,0,0
BRDA:329,51,1,0
BRDA:345,52,0,0
BRDA:345,52,1,0
BRDA:348,53,0,0
BRDA:348,53,1,0
BRDA:354,54,0,0
BRDA:354,54,1,0
BRDA:376,55,0,1
BRDA:376,55,1,0
BRDA:377,56,0,1
BRDA:377,56,1,0
BRDA:407,57,0,2
BRDA:407,57,1,63
BRDA:407,58,0,65
BRDA:407,58,1,65
BRDA:409,59,0,0
BRDA:409,59,1,2
BRDA:430,60,0,1
BRDA:430,60,1,62
BRDA:468,61,0,2
BRDA:468,61,1,0
BRDA:471,62,0,61
BRDA:471,62,1,2
BRDA:489,63,0,0
BRDA:489,63,1,63
BRDA:493,64,0,0
BRDA:493,64,1,63
BRDA:526,65,0,2
BRDA:526,65,1,61
BRDA:566,66,0,63
BRDA:566,66,1,0
BRDA:625,67,0,63
BRDA:625,67,1,63
BRDA:626,68,0,62
BRDA:626,68,1,1
BRDA:638,69,0,63
BRDA:638,69,1,0
BRDA:639,70,0,0
BRDA:639,70,1,0
BRDA:651,71,0,63
BRDA:651,71,1,0
BRDA:652,72,0,0
BRDA:652,72,1,0
BRDA:673,73,0,0
BRDA:673,73,1,236
BRDA:679,74,0,236
BRDA:679,74,1,0
BRDA:710,75,0,236
BRDA:710,75,1,124
BRDA:720,76,0,0
BRDA:720,76,1,63
BRDA:766,77,0,0
BRDA:766,77,1,0
BRDA:767,78,0,0
BRDA:767,78,1,0
BRDA:777,79,0,0
BRDA:777,79,1,0
BRDA:791,80,0,0
BRDA:791,80,1,0
BRDA:791,80,2,0
BRDA:796,81,0,0
BRDA:796,81,1,0
BRDA:796,81,2,0
BRDA:801,82,0,0
BRDA:801,82,1,0
BRDA:801,82,2,0
BRDA:801,82,3,0
BRDA:806,83,0,0
BRDA:806,83,1,0
BRDA:806,83,2,0
BRDA:857,84,0,0
BRDA:857,84,1,0
BRDA:935,85,0,0
BRDA:935,85,1,0
BRDA:936,86,0,0
BRDA:936,86,1,0
BRDA:967,87,0,0
BRDA:967,87,1,0
BRDA:972,88,0,0
BRDA:972,88,1,0
BRDA:973,89,0,0
BRDA:973,89,1,0
BRDA:974,90,0,0
BRDA:974,90,1,0
BRDA:975,91,0,0
BRDA:975,91,1,0
BRDA:990,92,0,0
BRDA:990,92,1,0
BRDA:1011,93,0,0
BRDA:1011,93,1,0
BRDA:1012,94,0,0
BRDA:1012,94,1,0
BRDA:1013,95,0,0
BRDA:1013,95,1,0
BRDA:1014,96,0,0
BRDA:1014,96,1,0
BRDA:1015,97,0,0
BRDA:1015,97,1,0
BRF:211
BRH:81
end_of_record
